
*** Running vivado
    with args -log sobel_design_sobel_accel_0_0.vds -m64 -product Vivado -mode batch -messageDb vivado.pb -notrace -source sobel_design_sobel_accel_0_0.tcl



****** Vivado v2023.1 (64-bit)
  **** SW Build 3865809 on Sun May  7 15:05:29 MDT 2023
  **** IP Build 3864474 on Sun May  7 20:36:21 MDT 2023
  **** SharedData Build 3865790 on Sun May 07 13:33:03 MDT 2023
    ** Copyright 1986-2022 Xilinx, Inc. All Rights Reserved.
    ** Copyright 2022-2023 Advanced Micro Devices, Inc. All Rights Reserved.

source sobel_design_sobel_accel_0_0.tcl -notrace
create_project: Time (s): cpu = 00:00:12 ; elapsed = 00:00:16 . Memory (MB): peak = 1455.051 ; gain = 154.445
INFO: [IP_Flow 19-234] Refreshing IP repositories
INFO: [IP_Flow 19-1700] Loaded user IP repository 'c:/Xilinx/workspaceHLS/Sobel3weightedAdd'.
INFO: [IP_Flow 19-2313] Loaded Vivado IP repository 'C:/Xilinx/Vivado/2023.1/data/ip'.
INFO: [IP_Flow 19-6924] IPCACHE: Running cache check for IP inst: sobel_design_sobel_accel_0_0
Command: synth_design -top sobel_design_sobel_accel_0_0 -part xc7z020clg400-1 -incremental_mode off -mode out_of_context
Starting synth_design
Attempting to get a license for feature 'Synthesis' and/or device 'xc7z020'
INFO: [Common 17-349] Got license for feature 'Synthesis' and/or device 'xc7z020'
INFO: [Device 21-403] Loading part xc7z020clg400-1
INFO: [Synth 8-7079] Multithreading enabled for synth_design using a maximum of 2 processes.
INFO: [Synth 8-7078] Launching helper process for spawning children vivado processes
INFO: [Synth 8-7075] Helper process launched with PID 27272
---------------------------------------------------------------------------------
Starting RTL Elaboration : Time (s): cpu = 00:00:20 ; elapsed = 00:00:37 . Memory (MB): peak = 2310.602 ; gain = 411.598
---------------------------------------------------------------------------------
INFO: [Synth 8-6157] synthesizing module 'sobel_design_sobel_accel_0_0' [c:/Xilinx/workspace/sobel3weightedadd/sobel3weightedadd.gen/sources_1/bd/sobel_design/ip/sobel_design_sobel_accel_0_0/synth/sobel_design_sobel_accel_0_0.v:53]
INFO: [Synth 8-6157] synthesizing module 'sobel_accel' [c:/Xilinx/workspace/sobel3weightedadd/sobel3weightedadd.gen/sources_1/bd/sobel_design/ipshared/f88a/hdl/verilog/sobel_accel.v:9]
INFO: [Synth 8-6157] synthesizing module 'sobel_accel_control_s_axi' [c:/Xilinx/workspace/sobel3weightedadd/sobel3weightedadd.gen/sources_1/bd/sobel_design/ipshared/f88a/hdl/verilog/sobel_accel_control_s_axi.v:9]
INFO: [Synth 8-155] case statement is not full and has no default [c:/Xilinx/workspace/sobel3weightedadd/sobel3weightedadd.gen/sources_1/bd/sobel_design/ipshared/f88a/hdl/verilog/sobel_accel_control_s_axi.v:223]
INFO: [Synth 8-6155] done synthesizing module 'sobel_accel_control_s_axi' (0#1) [c:/Xilinx/workspace/sobel3weightedadd/sobel3weightedadd.gen/sources_1/bd/sobel_design/ipshared/f88a/hdl/verilog/sobel_accel_control_s_axi.v:9]
INFO: [Synth 8-6157] synthesizing module 'sobel_accel_entry_proc' [c:/Xilinx/workspace/sobel3weightedadd/sobel3weightedadd.gen/sources_1/bd/sobel_design/ipshared/f88a/hdl/verilog/sobel_accel_entry_proc.v:9]
INFO: [Synth 8-6155] done synthesizing module 'sobel_accel_entry_proc' (0#1) [c:/Xilinx/workspace/sobel3weightedadd/sobel3weightedadd.gen/sources_1/bd/sobel_design/ipshared/f88a/hdl/verilog/sobel_accel_entry_proc.v:9]
INFO: [Synth 8-6157] synthesizing module 'sobel_accel_Block_entry2_proc' [c:/Xilinx/workspace/sobel3weightedadd/sobel3weightedadd.gen/sources_1/bd/sobel_design/ipshared/f88a/hdl/verilog/sobel_accel_Block_entry2_proc.v:9]
INFO: [Synth 8-6155] done synthesizing module 'sobel_accel_Block_entry2_proc' (0#1) [c:/Xilinx/workspace/sobel3weightedadd/sobel3weightedadd.gen/sources_1/bd/sobel_design/ipshared/f88a/hdl/verilog/sobel_accel_Block_entry2_proc.v:9]
INFO: [Synth 8-6157] synthesizing module 'sobel_accel_axis2xfMat_24_16_2160_3840_1_s' [c:/Xilinx/workspace/sobel3weightedadd/sobel3weightedadd.gen/sources_1/bd/sobel_design/ipshared/f88a/hdl/verilog/sobel_accel_axis2xfMat_24_16_2160_3840_1_s.v:9]
INFO: [Synth 8-6157] synthesizing module 'sobel_accel_axis2xfMat_24_16_2160_3840_1_Pipeline_loop_col_zxi2mat' [c:/Xilinx/workspace/sobel3weightedadd/sobel3weightedadd.gen/sources_1/bd/sobel_design/ipshared/f88a/hdl/verilog/sobel_accel_axis2xfMat_24_16_2160_3840_1_Pipeline_loop_col_zxi2mat.v:9]
INFO: [Synth 8-6157] synthesizing module 'sobel_accel_flow_control_loop_pipe_sequential_init' [c:/Xilinx/workspace/sobel3weightedadd/sobel3weightedadd.gen/sources_1/bd/sobel_design/ipshared/f88a/hdl/verilog/sobel_accel_flow_control_loop_pipe_sequential_init.v:11]
INFO: [Synth 8-6155] done synthesizing module 'sobel_accel_flow_control_loop_pipe_sequential_init' (0#1) [c:/Xilinx/workspace/sobel3weightedadd/sobel3weightedadd.gen/sources_1/bd/sobel_design/ipshared/f88a/hdl/verilog/sobel_accel_flow_control_loop_pipe_sequential_init.v:11]
INFO: [Synth 8-6155] done synthesizing module 'sobel_accel_axis2xfMat_24_16_2160_3840_1_Pipeline_loop_col_zxi2mat' (0#1) [c:/Xilinx/workspace/sobel3weightedadd/sobel3weightedadd.gen/sources_1/bd/sobel_design/ipshared/f88a/hdl/verilog/sobel_accel_axis2xfMat_24_16_2160_3840_1_Pipeline_loop_col_zxi2mat.v:9]
INFO: [Synth 8-6157] synthesizing module 'sobel_accel_regslice_both' [c:/Xilinx/workspace/sobel3weightedadd/sobel3weightedadd.gen/sources_1/bd/sobel_design/ipshared/f88a/hdl/verilog/sobel_accel_regslice_both.v:11]
INFO: [Synth 8-6155] done synthesizing module 'sobel_accel_regslice_both' (0#1) [c:/Xilinx/workspace/sobel3weightedadd/sobel3weightedadd.gen/sources_1/bd/sobel_design/ipshared/f88a/hdl/verilog/sobel_accel_regslice_both.v:11]
INFO: [Synth 8-6157] synthesizing module 'sobel_accel_regslice_both__parameterized0' [c:/Xilinx/workspace/sobel3weightedadd/sobel3weightedadd.gen/sources_1/bd/sobel_design/ipshared/f88a/hdl/verilog/sobel_accel_regslice_both.v:11]
INFO: [Synth 8-6155] done synthesizing module 'sobel_accel_regslice_both__parameterized0' (0#1) [c:/Xilinx/workspace/sobel3weightedadd/sobel3weightedadd.gen/sources_1/bd/sobel_design/ipshared/f88a/hdl/verilog/sobel_accel_regslice_both.v:11]
INFO: [Synth 8-6157] synthesizing module 'sobel_accel_regslice_both__parameterized1' [c:/Xilinx/workspace/sobel3weightedadd/sobel3weightedadd.gen/sources_1/bd/sobel_design/ipshared/f88a/hdl/verilog/sobel_accel_regslice_both.v:11]
INFO: [Synth 8-6155] done synthesizing module 'sobel_accel_regslice_both__parameterized1' (0#1) [c:/Xilinx/workspace/sobel3weightedadd/sobel3weightedadd.gen/sources_1/bd/sobel_design/ipshared/f88a/hdl/verilog/sobel_accel_regslice_both.v:11]
INFO: [Synth 8-6155] done synthesizing module 'sobel_accel_axis2xfMat_24_16_2160_3840_1_s' (0#1) [c:/Xilinx/workspace/sobel3weightedadd/sobel3weightedadd.gen/sources_1/bd/sobel_design/ipshared/f88a/hdl/verilog/sobel_accel_axis2xfMat_24_16_2160_3840_1_s.v:9]
INFO: [Synth 8-6157] synthesizing module 'sobel_accel_Sobel_0_3_16_0_2160_3840_1_false_2_2_2_s' [c:/Xilinx/workspace/sobel3weightedadd/sobel3weightedadd.gen/sources_1/bd/sobel_design/ipshared/f88a/hdl/verilog/sobel_accel_Sobel_0_3_16_0_2160_3840_1_false_2_2_2_s.v:9]
INFO: [Synth 8-6157] synthesizing module 'sobel_accel_xFSobelFilter3x3_16_0_2160_3840_3_16_0_1_2_2_2_10_1_3840_false_s' [c:/Xilinx/workspace/sobel3weightedadd/sobel3weightedadd.gen/sources_1/bd/sobel_design/ipshared/f88a/hdl/verilog/sobel_accel_xFSobelFilter3x3_16_0_2160_3840_3_16_0_1_2_2_2_10_1_3840_false_s.v:9]
INFO: [Synth 8-6157] synthesizing module 'sobel_accel_xFSobelFilter3x3_16_0_2160_3840_3_16_0_1_2_2_2_10_1_3840_false_s_buf_RAM_S2P_bkb' [c:/Xilinx/workspace/sobel3weightedadd/sobel3weightedadd.gen/sources_1/bd/sobel_design/ipshared/f88a/hdl/verilog/sobel_accel_xFSobelFilter3x3_16_0_2160_3840_3_16_0_1_2_2_2_10_1_3840_false_s_buf_RAM_S2P_bkb.v:7]
INFO: [Synth 8-6155] done synthesizing module 'sobel_accel_xFSobelFilter3x3_16_0_2160_3840_3_16_0_1_2_2_2_10_1_3840_false_s_buf_RAM_S2P_bkb' (0#1) [c:/Xilinx/workspace/sobel3weightedadd/sobel3weightedadd.gen/sources_1/bd/sobel_design/ipshared/f88a/hdl/verilog/sobel_accel_xFSobelFilter3x3_16_0_2160_3840_3_16_0_1_2_2_2_10_1_3840_false_s_buf_RAM_S2P_bkb.v:7]
INFO: [Synth 8-6157] synthesizing module 'sobel_accel_xFSobelFilter3x3_Pipeline_Clear_Row_Loop' [c:/Xilinx/workspace/sobel3weightedadd/sobel3weightedadd.gen/sources_1/bd/sobel_design/ipshared/f88a/hdl/verilog/sobel_accel_xFSobelFilter3x3_Pipeline_Clear_Row_Loop.v:9]
INFO: [Synth 8-6155] done synthesizing module 'sobel_accel_xFSobelFilter3x3_Pipeline_Clear_Row_Loop' (0#1) [c:/Xilinx/workspace/sobel3weightedadd/sobel3weightedadd.gen/sources_1/bd/sobel_design/ipshared/f88a/hdl/verilog/sobel_accel_xFSobelFilter3x3_Pipeline_Clear_Row_Loop.v:9]
INFO: [Synth 8-6157] synthesizing module 'sobel_accel_xFSobelFilter3x3_Pipeline_Col_Loop' [c:/Xilinx/workspace/sobel3weightedadd/sobel3weightedadd.gen/sources_1/bd/sobel_design/ipshared/f88a/hdl/verilog/sobel_accel_xFSobelFilter3x3_Pipeline_Col_Loop.v:9]
INFO: [Synth 8-6157] synthesizing module 'sobel_accel_xFSobel3x3_3_1_16_0_s' [c:/Xilinx/workspace/sobel3weightedadd/sobel3weightedadd.gen/sources_1/bd/sobel_design/ipshared/f88a/hdl/verilog/sobel_accel_xFSobel3x3_3_1_16_0_s.v:9]
INFO: [Synth 8-6157] synthesizing module 'sobel_accel_xFGradientX3x3_16_0_s' [c:/Xilinx/workspace/sobel3weightedadd/sobel3weightedadd.gen/sources_1/bd/sobel_design/ipshared/f88a/hdl/verilog/sobel_accel_xFGradientX3x3_16_0_s.v:9]
INFO: [Synth 8-6155] done synthesizing module 'sobel_accel_xFGradientX3x3_16_0_s' (0#1) [c:/Xilinx/workspace/sobel3weightedadd/sobel3weightedadd.gen/sources_1/bd/sobel_design/ipshared/f88a/hdl/verilog/sobel_accel_xFGradientX3x3_16_0_s.v:9]
INFO: [Synth 8-6157] synthesizing module 'sobel_accel_xFGradientY3x3_16_0_s' [c:/Xilinx/workspace/sobel3weightedadd/sobel3weightedadd.gen/sources_1/bd/sobel_design/ipshared/f88a/hdl/verilog/sobel_accel_xFGradientY3x3_16_0_s.v:9]
INFO: [Synth 8-6155] done synthesizing module 'sobel_accel_xFGradientY3x3_16_0_s' (0#1) [c:/Xilinx/workspace/sobel3weightedadd/sobel3weightedadd.gen/sources_1/bd/sobel_design/ipshared/f88a/hdl/verilog/sobel_accel_xFGradientY3x3_16_0_s.v:9]
INFO: [Synth 8-6155] done synthesizing module 'sobel_accel_xFSobel3x3_3_1_16_0_s' (0#1) [c:/Xilinx/workspace/sobel3weightedadd/sobel3weightedadd.gen/sources_1/bd/sobel_design/ipshared/f88a/hdl/verilog/sobel_accel_xFSobel3x3_3_1_16_0_s.v:9]
INFO: [Synth 8-6157] synthesizing module 'sobel_accel_mux_3_2_24_1_1' [c:/Xilinx/workspace/sobel3weightedadd/sobel3weightedadd.gen/sources_1/bd/sobel_design/ipshared/f88a/hdl/verilog/sobel_accel_mux_3_2_24_1_1.v:11]
INFO: [Synth 8-6155] done synthesizing module 'sobel_accel_mux_3_2_24_1_1' (0#1) [c:/Xilinx/workspace/sobel3weightedadd/sobel3weightedadd.gen/sources_1/bd/sobel_design/ipshared/f88a/hdl/verilog/sobel_accel_mux_3_2_24_1_1.v:11]
INFO: [Synth 8-6155] done synthesizing module 'sobel_accel_xFSobelFilter3x3_Pipeline_Col_Loop' (0#1) [c:/Xilinx/workspace/sobel3weightedadd/sobel3weightedadd.gen/sources_1/bd/sobel_design/ipshared/f88a/hdl/verilog/sobel_accel_xFSobelFilter3x3_Pipeline_Col_Loop.v:9]
INFO: [Synth 8-6157] synthesizing module 'sobel_accel_xFSobelFilter3x3_Pipeline_VITIS_LOOP_432_2' [c:/Xilinx/workspace/sobel3weightedadd/sobel3weightedadd.gen/sources_1/bd/sobel_design/ipshared/f88a/hdl/verilog/sobel_accel_xFSobelFilter3x3_Pipeline_VITIS_LOOP_432_2.v:9]
INFO: [Synth 8-6155] done synthesizing module 'sobel_accel_xFSobelFilter3x3_Pipeline_VITIS_LOOP_432_2' (0#1) [c:/Xilinx/workspace/sobel3weightedadd/sobel3weightedadd.gen/sources_1/bd/sobel_design/ipshared/f88a/hdl/verilog/sobel_accel_xFSobelFilter3x3_Pipeline_VITIS_LOOP_432_2.v:9]
INFO: [Synth 8-6155] done synthesizing module 'sobel_accel_xFSobelFilter3x3_16_0_2160_3840_3_16_0_1_2_2_2_10_1_3840_false_s' (0#1) [c:/Xilinx/workspace/sobel3weightedadd/sobel3weightedadd.gen/sources_1/bd/sobel_design/ipshared/f88a/hdl/verilog/sobel_accel_xFSobelFilter3x3_16_0_2160_3840_3_16_0_1_2_2_2_10_1_3840_false_s.v:9]
INFO: [Synth 8-6155] done synthesizing module 'sobel_accel_Sobel_0_3_16_0_2160_3840_1_false_2_2_2_s' (0#1) [c:/Xilinx/workspace/sobel3weightedadd/sobel3weightedadd.gen/sources_1/bd/sobel_design/ipshared/f88a/hdl/verilog/sobel_accel_Sobel_0_3_16_0_2160_3840_1_false_2_2_2_s.v:9]
INFO: [Synth 8-6157] synthesizing module 'sobel_accel_accumulateWeighted_0_2_2160_3840_1_2_2_2_s' [c:/Xilinx/workspace/sobel3weightedadd/sobel3weightedadd.gen/sources_1/bd/sobel_design/ipshared/f88a/hdl/verilog/sobel_accel_accumulateWeighted_0_2_2160_3840_1_2_2_2_s.v:9]
INFO: [Synth 8-6157] synthesizing module 'sobel_accel_accumulateWeighted_0_2_2160_3840_1_2_2_2_Pipeline_ColLoop' [c:/Xilinx/workspace/sobel3weightedadd/sobel3weightedadd.gen/sources_1/bd/sobel_design/ipshared/f88a/hdl/verilog/sobel_accel_accumulateWeighted_0_2_2160_3840_1_2_2_2_Pipeline_ColLoop.v:9]
INFO: [Synth 8-6157] synthesizing module 'sobel_accel_mul_24ns_8ns_32_1_1' [c:/Xilinx/workspace/sobel3weightedadd/sobel3weightedadd.gen/sources_1/bd/sobel_design/ipshared/f88a/hdl/verilog/sobel_accel_mul_24ns_8ns_32_1_1.v:5]
INFO: [Synth 8-6155] done synthesizing module 'sobel_accel_mul_24ns_8ns_32_1_1' (0#1) [c:/Xilinx/workspace/sobel3weightedadd/sobel3weightedadd.gen/sources_1/bd/sobel_design/ipshared/f88a/hdl/verilog/sobel_accel_mul_24ns_8ns_32_1_1.v:5]
INFO: [Synth 8-6157] synthesizing module 'sobel_accel_mac_muladd_24ns_8ns_32ns_33_4_1' [c:/Xilinx/workspace/sobel3weightedadd/sobel3weightedadd.gen/sources_1/bd/sobel_design/ipshared/f88a/hdl/verilog/sobel_accel_mac_muladd_24ns_8ns_32ns_33_4_1.v:49]
INFO: [Synth 8-6157] synthesizing module 'sobel_accel_mac_muladd_24ns_8ns_32ns_33_4_1_DSP48_0' [c:/Xilinx/workspace/sobel3weightedadd/sobel3weightedadd.gen/sources_1/bd/sobel_design/ipshared/f88a/hdl/verilog/sobel_accel_mac_muladd_24ns_8ns_32ns_33_4_1.v:10]
INFO: [Synth 8-6155] done synthesizing module 'sobel_accel_mac_muladd_24ns_8ns_32ns_33_4_1_DSP48_0' (0#1) [c:/Xilinx/workspace/sobel3weightedadd/sobel3weightedadd.gen/sources_1/bd/sobel_design/ipshared/f88a/hdl/verilog/sobel_accel_mac_muladd_24ns_8ns_32ns_33_4_1.v:10]
INFO: [Synth 8-6155] done synthesizing module 'sobel_accel_mac_muladd_24ns_8ns_32ns_33_4_1' (0#1) [c:/Xilinx/workspace/sobel3weightedadd/sobel3weightedadd.gen/sources_1/bd/sobel_design/ipshared/f88a/hdl/verilog/sobel_accel_mac_muladd_24ns_8ns_32ns_33_4_1.v:49]
INFO: [Synth 8-6155] done synthesizing module 'sobel_accel_accumulateWeighted_0_2_2160_3840_1_2_2_2_Pipeline_ColLoop' (0#1) [c:/Xilinx/workspace/sobel3weightedadd/sobel3weightedadd.gen/sources_1/bd/sobel_design/ipshared/f88a/hdl/verilog/sobel_accel_accumulateWeighted_0_2_2160_3840_1_2_2_2_Pipeline_ColLoop.v:9]
INFO: [Synth 8-6157] synthesizing module 'sobel_accel_fmul_32ns_32ns_32_4_max_dsp_1' [c:/Xilinx/workspace/sobel3weightedadd/sobel3weightedadd.gen/sources_1/bd/sobel_design/ipshared/f88a/hdl/verilog/sobel_accel_fmul_32ns_32ns_32_4_max_dsp_1.v:9]
INFO: [Synth 8-6157] synthesizing module 'sobel_accel_fmul_32ns_32ns_32_4_max_dsp_1_ip' [c:/Xilinx/workspace/sobel3weightedadd/sobel3weightedadd.gen/sources_1/bd/sobel_design/ipshared/f88a/hdl/ip/sobel_accel_fmul_32ns_32ns_32_4_max_dsp_1_ip.v:53]
INFO: [Synth 8-6157] synthesizing module 'LUT1' [C:/Xilinx/Vivado/2023.1/scripts/rt/data/unisim_comp.v:79430]
INFO: [Synth 8-6155] done synthesizing module 'LUT1' (0#1) [C:/Xilinx/Vivado/2023.1/scripts/rt/data/unisim_comp.v:79430]
INFO: [Synth 8-6155] done synthesizing module 'sobel_accel_fmul_32ns_32ns_32_4_max_dsp_1_ip' (0#1) [c:/Xilinx/workspace/sobel3weightedadd/sobel3weightedadd.gen/sources_1/bd/sobel_design/ipshared/f88a/hdl/ip/sobel_accel_fmul_32ns_32ns_32_4_max_dsp_1_ip.v:53]
INFO: [Synth 8-6155] done synthesizing module 'sobel_accel_fmul_32ns_32ns_32_4_max_dsp_1' (0#1) [c:/Xilinx/workspace/sobel3weightedadd/sobel3weightedadd.gen/sources_1/bd/sobel_design/ipshared/f88a/hdl/verilog/sobel_accel_fmul_32ns_32ns_32_4_max_dsp_1.v:9]
INFO: [Synth 8-6155] done synthesizing module 'sobel_accel_accumulateWeighted_0_2_2160_3840_1_2_2_2_s' (0#1) [c:/Xilinx/workspace/sobel3weightedadd/sobel3weightedadd.gen/sources_1/bd/sobel_design/ipshared/f88a/hdl/verilog/sobel_accel_accumulateWeighted_0_2_2160_3840_1_2_2_2_s.v:9]
INFO: [Synth 8-6157] synthesizing module 'sobel_accel_convertTo_2_0_2160_3840_1_2_2_8' [c:/Xilinx/workspace/sobel3weightedadd/sobel3weightedadd.gen/sources_1/bd/sobel_design/ipshared/f88a/hdl/verilog/sobel_accel_convertTo_2_0_2160_3840_1_2_2_8.v:9]
INFO: [Synth 8-6157] synthesizing module 'sobel_accel_convertTo_2_0_2160_3840_1_2_2_8_Pipeline_COL_LOOP' [c:/Xilinx/workspace/sobel3weightedadd/sobel3weightedadd.gen/sources_1/bd/sobel_design/ipshared/f88a/hdl/verilog/sobel_accel_convertTo_2_0_2160_3840_1_2_2_8_Pipeline_COL_LOOP.v:9]
INFO: [Synth 8-6155] done synthesizing module 'sobel_accel_convertTo_2_0_2160_3840_1_2_2_8_Pipeline_COL_LOOP' (0#1) [c:/Xilinx/workspace/sobel3weightedadd/sobel3weightedadd.gen/sources_1/bd/sobel_design/ipshared/f88a/hdl/verilog/sobel_accel_convertTo_2_0_2160_3840_1_2_2_8_Pipeline_COL_LOOP.v:9]
INFO: [Synth 8-6155] done synthesizing module 'sobel_accel_convertTo_2_0_2160_3840_1_2_2_8' (0#1) [c:/Xilinx/workspace/sobel3weightedadd/sobel3weightedadd.gen/sources_1/bd/sobel_design/ipshared/f88a/hdl/verilog/sobel_accel_convertTo_2_0_2160_3840_1_2_2_8.v:9]
INFO: [Synth 8-6157] synthesizing module 'sobel_accel_xfMat2axis_8_0_2160_3840_1_s' [c:/Xilinx/workspace/sobel3weightedadd/sobel3weightedadd.gen/sources_1/bd/sobel_design/ipshared/f88a/hdl/verilog/sobel_accel_xfMat2axis_8_0_2160_3840_1_s.v:9]
INFO: [Synth 8-6157] synthesizing module 'sobel_accel_xfMat2axis_8_0_2160_3840_1_Pipeline_loop_col_mat2axi' [c:/Xilinx/workspace/sobel3weightedadd/sobel3weightedadd.gen/sources_1/bd/sobel_design/ipshared/f88a/hdl/verilog/sobel_accel_xfMat2axis_8_0_2160_3840_1_Pipeline_loop_col_mat2axi.v:9]
INFO: [Synth 8-6155] done synthesizing module 'sobel_accel_xfMat2axis_8_0_2160_3840_1_Pipeline_loop_col_mat2axi' (0#1) [c:/Xilinx/workspace/sobel3weightedadd/sobel3weightedadd.gen/sources_1/bd/sobel_design/ipshared/f88a/hdl/verilog/sobel_accel_xfMat2axis_8_0_2160_3840_1_Pipeline_loop_col_mat2axi.v:9]
INFO: [Synth 8-6157] synthesizing module 'sobel_accel_regslice_both__parameterized2' [c:/Xilinx/workspace/sobel3weightedadd/sobel3weightedadd.gen/sources_1/bd/sobel_design/ipshared/f88a/hdl/verilog/sobel_accel_regslice_both.v:11]
INFO: [Synth 8-6155] done synthesizing module 'sobel_accel_regslice_both__parameterized2' (0#1) [c:/Xilinx/workspace/sobel3weightedadd/sobel3weightedadd.gen/sources_1/bd/sobel_design/ipshared/f88a/hdl/verilog/sobel_accel_regslice_both.v:11]
INFO: [Synth 8-6155] done synthesizing module 'sobel_accel_xfMat2axis_8_0_2160_3840_1_s' (0#1) [c:/Xilinx/workspace/sobel3weightedadd/sobel3weightedadd.gen/sources_1/bd/sobel_design/ipshared/f88a/hdl/verilog/sobel_accel_xfMat2axis_8_0_2160_3840_1_s.v:9]
INFO: [Synth 8-6157] synthesizing module 'sobel_accel_fifo_w32_d5_S' [c:/Xilinx/workspace/sobel3weightedadd/sobel3weightedadd.gen/sources_1/bd/sobel_design/ipshared/f88a/hdl/verilog/sobel_accel_fifo_w32_d5_S.v:11]
INFO: [Synth 8-6157] synthesizing module 'sobel_accel_fifo_w32_d5_S_ShiftReg' [c:/Xilinx/workspace/sobel3weightedadd/sobel3weightedadd.gen/sources_1/bd/sobel_design/ipshared/f88a/hdl/verilog/sobel_accel_fifo_w32_d5_S.v:120]
INFO: [Synth 8-6155] done synthesizing module 'sobel_accel_fifo_w32_d5_S_ShiftReg' (0#1) [c:/Xilinx/workspace/sobel3weightedadd/sobel3weightedadd.gen/sources_1/bd/sobel_design/ipshared/f88a/hdl/verilog/sobel_accel_fifo_w32_d5_S.v:120]
INFO: [Synth 8-6155] done synthesizing module 'sobel_accel_fifo_w32_d5_S' (0#1) [c:/Xilinx/workspace/sobel3weightedadd/sobel3weightedadd.gen/sources_1/bd/sobel_design/ipshared/f88a/hdl/verilog/sobel_accel_fifo_w32_d5_S.v:11]
INFO: [Synth 8-6157] synthesizing module 'sobel_accel_fifo_w32_d6_S' [c:/Xilinx/workspace/sobel3weightedadd/sobel3weightedadd.gen/sources_1/bd/sobel_design/ipshared/f88a/hdl/verilog/sobel_accel_fifo_w32_d6_S.v:11]
INFO: [Synth 8-6157] synthesizing module 'sobel_accel_fifo_w32_d6_S_ShiftReg' [c:/Xilinx/workspace/sobel3weightedadd/sobel3weightedadd.gen/sources_1/bd/sobel_design/ipshared/f88a/hdl/verilog/sobel_accel_fifo_w32_d6_S.v:120]
INFO: [Synth 8-6155] done synthesizing module 'sobel_accel_fifo_w32_d6_S_ShiftReg' (0#1) [c:/Xilinx/workspace/sobel3weightedadd/sobel3weightedadd.gen/sources_1/bd/sobel_design/ipshared/f88a/hdl/verilog/sobel_accel_fifo_w32_d6_S.v:120]
INFO: [Synth 8-6155] done synthesizing module 'sobel_accel_fifo_w32_d6_S' (0#1) [c:/Xilinx/workspace/sobel3weightedadd/sobel3weightedadd.gen/sources_1/bd/sobel_design/ipshared/f88a/hdl/verilog/sobel_accel_fifo_w32_d6_S.v:11]
INFO: [Synth 8-6157] synthesizing module 'sobel_accel_fifo_w32_d4_S' [c:/Xilinx/workspace/sobel3weightedadd/sobel3weightedadd.gen/sources_1/bd/sobel_design/ipshared/f88a/hdl/verilog/sobel_accel_fifo_w32_d4_S.v:11]
INFO: [Synth 8-6157] synthesizing module 'sobel_accel_fifo_w32_d4_S_ShiftReg' [c:/Xilinx/workspace/sobel3weightedadd/sobel3weightedadd.gen/sources_1/bd/sobel_design/ipshared/f88a/hdl/verilog/sobel_accel_fifo_w32_d4_S.v:120]
INFO: [Synth 8-6155] done synthesizing module 'sobel_accel_fifo_w32_d4_S_ShiftReg' (0#1) [c:/Xilinx/workspace/sobel3weightedadd/sobel3weightedadd.gen/sources_1/bd/sobel_design/ipshared/f88a/hdl/verilog/sobel_accel_fifo_w32_d4_S.v:120]
INFO: [Synth 8-6155] done synthesizing module 'sobel_accel_fifo_w32_d4_S' (0#1) [c:/Xilinx/workspace/sobel3weightedadd/sobel3weightedadd.gen/sources_1/bd/sobel_design/ipshared/f88a/hdl/verilog/sobel_accel_fifo_w32_d4_S.v:11]
INFO: [Synth 8-6157] synthesizing module 'sobel_accel_fifo_w32_d2_S' [c:/Xilinx/workspace/sobel3weightedadd/sobel3weightedadd.gen/sources_1/bd/sobel_design/ipshared/f88a/hdl/verilog/sobel_accel_fifo_w32_d2_S.v:11]
INFO: [Synth 8-6157] synthesizing module 'sobel_accel_fifo_w32_d2_S_ShiftReg' [c:/Xilinx/workspace/sobel3weightedadd/sobel3weightedadd.gen/sources_1/bd/sobel_design/ipshared/f88a/hdl/verilog/sobel_accel_fifo_w32_d2_S.v:120]
INFO: [Synth 8-6155] done synthesizing module 'sobel_accel_fifo_w32_d2_S_ShiftReg' (0#1) [c:/Xilinx/workspace/sobel3weightedadd/sobel3weightedadd.gen/sources_1/bd/sobel_design/ipshared/f88a/hdl/verilog/sobel_accel_fifo_w32_d2_S.v:120]
INFO: [Synth 8-6155] done synthesizing module 'sobel_accel_fifo_w32_d2_S' (0#1) [c:/Xilinx/workspace/sobel3weightedadd/sobel3weightedadd.gen/sources_1/bd/sobel_design/ipshared/f88a/hdl/verilog/sobel_accel_fifo_w32_d2_S.v:11]
INFO: [Synth 8-6157] synthesizing module 'sobel_accel_fifo_w24_d2_S' [c:/Xilinx/workspace/sobel3weightedadd/sobel3weightedadd.gen/sources_1/bd/sobel_design/ipshared/f88a/hdl/verilog/sobel_accel_fifo_w24_d2_S.v:11]
INFO: [Synth 8-6157] synthesizing module 'sobel_accel_fifo_w24_d2_S_ShiftReg' [c:/Xilinx/workspace/sobel3weightedadd/sobel3weightedadd.gen/sources_1/bd/sobel_design/ipshared/f88a/hdl/verilog/sobel_accel_fifo_w24_d2_S.v:120]
INFO: [Synth 8-6155] done synthesizing module 'sobel_accel_fifo_w24_d2_S_ShiftReg' (0#1) [c:/Xilinx/workspace/sobel3weightedadd/sobel3weightedadd.gen/sources_1/bd/sobel_design/ipshared/f88a/hdl/verilog/sobel_accel_fifo_w24_d2_S.v:120]
INFO: [Synth 8-6155] done synthesizing module 'sobel_accel_fifo_w24_d2_S' (0#1) [c:/Xilinx/workspace/sobel3weightedadd/sobel3weightedadd.gen/sources_1/bd/sobel_design/ipshared/f88a/hdl/verilog/sobel_accel_fifo_w24_d2_S.v:11]
INFO: [Synth 8-6157] synthesizing module 'sobel_accel_fifo_w8_d2_S' [c:/Xilinx/workspace/sobel3weightedadd/sobel3weightedadd.gen/sources_1/bd/sobel_design/ipshared/f88a/hdl/verilog/sobel_accel_fifo_w8_d2_S.v:11]
INFO: [Synth 8-6157] synthesizing module 'sobel_accel_fifo_w8_d2_S_ShiftReg' [c:/Xilinx/workspace/sobel3weightedadd/sobel3weightedadd.gen/sources_1/bd/sobel_design/ipshared/f88a/hdl/verilog/sobel_accel_fifo_w8_d2_S.v:120]
INFO: [Synth 8-6155] done synthesizing module 'sobel_accel_fifo_w8_d2_S_ShiftReg' (0#1) [c:/Xilinx/workspace/sobel3weightedadd/sobel3weightedadd.gen/sources_1/bd/sobel_design/ipshared/f88a/hdl/verilog/sobel_accel_fifo_w8_d2_S.v:120]
INFO: [Synth 8-6155] done synthesizing module 'sobel_accel_fifo_w8_d2_S' (0#1) [c:/Xilinx/workspace/sobel3weightedadd/sobel3weightedadd.gen/sources_1/bd/sobel_design/ipshared/f88a/hdl/verilog/sobel_accel_fifo_w8_d2_S.v:11]
INFO: [Synth 8-6157] synthesizing module 'sobel_accel_fifo_w16_d2_S' [c:/Xilinx/workspace/sobel3weightedadd/sobel3weightedadd.gen/sources_1/bd/sobel_design/ipshared/f88a/hdl/verilog/sobel_accel_fifo_w16_d2_S.v:11]
INFO: [Synth 8-6157] synthesizing module 'sobel_accel_fifo_w16_d2_S_ShiftReg' [c:/Xilinx/workspace/sobel3weightedadd/sobel3weightedadd.gen/sources_1/bd/sobel_design/ipshared/f88a/hdl/verilog/sobel_accel_fifo_w16_d2_S.v:120]
INFO: [Synth 8-6155] done synthesizing module 'sobel_accel_fifo_w16_d2_S_ShiftReg' (0#1) [c:/Xilinx/workspace/sobel3weightedadd/sobel3weightedadd.gen/sources_1/bd/sobel_design/ipshared/f88a/hdl/verilog/sobel_accel_fifo_w16_d2_S.v:120]
INFO: [Synth 8-6155] done synthesizing module 'sobel_accel_fifo_w16_d2_S' (0#1) [c:/Xilinx/workspace/sobel3weightedadd/sobel3weightedadd.gen/sources_1/bd/sobel_design/ipshared/f88a/hdl/verilog/sobel_accel_fifo_w16_d2_S.v:11]
INFO: [Synth 8-6157] synthesizing module 'sobel_accel_start_for_Sobel_0_3_16_0_2160_3840_1_false_2_2_2_U0' [c:/Xilinx/workspace/sobel3weightedadd/sobel3weightedadd.gen/sources_1/bd/sobel_design/ipshared/f88a/hdl/verilog/sobel_accel_start_for_Sobel_0_3_16_0_2160_3840_1_false_2_2_2_U0.v:11]
INFO: [Synth 8-6157] synthesizing module 'sobel_accel_start_for_Sobel_0_3_16_0_2160_3840_1_false_2_2_2_U0_ShiftReg' [c:/Xilinx/workspace/sobel3weightedadd/sobel3weightedadd.gen/sources_1/bd/sobel_design/ipshared/f88a/hdl/verilog/sobel_accel_start_for_Sobel_0_3_16_0_2160_3840_1_false_2_2_2_U0.v:116]
INFO: [Synth 8-6155] done synthesizing module 'sobel_accel_start_for_Sobel_0_3_16_0_2160_3840_1_false_2_2_2_U0_ShiftReg' (0#1) [c:/Xilinx/workspace/sobel3weightedadd/sobel3weightedadd.gen/sources_1/bd/sobel_design/ipshared/f88a/hdl/verilog/sobel_accel_start_for_Sobel_0_3_16_0_2160_3840_1_false_2_2_2_U0.v:116]
INFO: [Synth 8-6155] done synthesizing module 'sobel_accel_start_for_Sobel_0_3_16_0_2160_3840_1_false_2_2_2_U0' (0#1) [c:/Xilinx/workspace/sobel3weightedadd/sobel3weightedadd.gen/sources_1/bd/sobel_design/ipshared/f88a/hdl/verilog/sobel_accel_start_for_Sobel_0_3_16_0_2160_3840_1_false_2_2_2_U0.v:11]
INFO: [Synth 8-6155] done synthesizing module 'sobel_accel' (0#1) [c:/Xilinx/workspace/sobel3weightedadd/sobel3weightedadd.gen/sources_1/bd/sobel_design/ipshared/f88a/hdl/verilog/sobel_accel.v:9]
INFO: [Synth 8-6155] done synthesizing module 'sobel_design_sobel_accel_0_0' (0#1) [c:/Xilinx/workspace/sobel3weightedadd/sobel3weightedadd.gen/sources_1/bd/sobel_design/ip/sobel_design_sobel_accel_0_0/synth/sobel_design_sobel_accel_0_0.v:53]
WARNING: [Synth 8-6014] Unused sequential element int_ap_done_reg was removed.  [c:/Xilinx/workspace/sobel3weightedadd/sobel3weightedadd.gen/sources_1/bd/sobel_design/ipshared/f88a/hdl/verilog/sobel_accel_control_s_axi.v:296]
WARNING: [Synth 8-7129] Port reset in module sobel_accel_start_for_Sobel_0_3_16_0_2160_3840_1_false_2_2_2_U0_ShiftReg is either unconnected or has no load
WARNING: [Synth 8-7129] Port reset in module sobel_accel_fifo_w8_d2_S_ShiftReg is either unconnected or has no load
WARNING: [Synth 8-7129] Port reset in module sobel_accel_fifo_w16_d2_S_ShiftReg is either unconnected or has no load
WARNING: [Synth 8-7129] Port reset in module sobel_accel_fifo_w32_d2_S_ShiftReg is either unconnected or has no load
WARNING: [Synth 8-7129] Port reset in module sobel_accel_fifo_w24_d2_S_ShiftReg is either unconnected or has no load
WARNING: [Synth 8-7129] Port reset in module sobel_accel_fifo_w32_d6_S_ShiftReg is either unconnected or has no load
WARNING: [Synth 8-7129] Port reset in module sobel_accel_fifo_w32_d5_S_ShiftReg is either unconnected or has no load
WARNING: [Synth 8-7129] Port reset in module sobel_accel_fifo_w32_d4_S_ShiftReg is either unconnected or has no load
WARNING: [Synth 8-7129] Port dst_1_data_num_data_valid[1] in module sobel_accel_xfMat2axis_8_0_2160_3840_1_Pipeline_loop_col_mat2axi is either unconnected or has no load
WARNING: [Synth 8-7129] Port dst_1_data_num_data_valid[0] in module sobel_accel_xfMat2axis_8_0_2160_3840_1_Pipeline_loop_col_mat2axi is either unconnected or has no load
WARNING: [Synth 8-7129] Port dst_1_data_fifo_cap[1] in module sobel_accel_xfMat2axis_8_0_2160_3840_1_Pipeline_loop_col_mat2axi is either unconnected or has no load
WARNING: [Synth 8-7129] Port dst_1_data_fifo_cap[0] in module sobel_accel_xfMat2axis_8_0_2160_3840_1_Pipeline_loop_col_mat2axi is either unconnected or has no load
WARNING: [Synth 8-7129] Port dst_1_data_num_data_valid[1] in module sobel_accel_xfMat2axis_8_0_2160_3840_1_s is either unconnected or has no load
WARNING: [Synth 8-7129] Port dst_1_data_num_data_valid[0] in module sobel_accel_xfMat2axis_8_0_2160_3840_1_s is either unconnected or has no load
WARNING: [Synth 8-7129] Port dst_1_data_fifo_cap[1] in module sobel_accel_xfMat2axis_8_0_2160_3840_1_s is either unconnected or has no load
WARNING: [Synth 8-7129] Port dst_1_data_fifo_cap[0] in module sobel_accel_xfMat2axis_8_0_2160_3840_1_s is either unconnected or has no load
WARNING: [Synth 8-7129] Port p_dst_data_num_data_valid[1] in module sobel_accel_convertTo_2_0_2160_3840_1_2_2_8_Pipeline_COL_LOOP is either unconnected or has no load
WARNING: [Synth 8-7129] Port p_dst_data_num_data_valid[0] in module sobel_accel_convertTo_2_0_2160_3840_1_2_2_8_Pipeline_COL_LOOP is either unconnected or has no load
WARNING: [Synth 8-7129] Port p_dst_data_fifo_cap[1] in module sobel_accel_convertTo_2_0_2160_3840_1_2_2_8_Pipeline_COL_LOOP is either unconnected or has no load
WARNING: [Synth 8-7129] Port p_dst_data_fifo_cap[0] in module sobel_accel_convertTo_2_0_2160_3840_1_2_2_8_Pipeline_COL_LOOP is either unconnected or has no load
WARNING: [Synth 8-7129] Port dst_1_data_num_data_valid[1] in module sobel_accel_convertTo_2_0_2160_3840_1_2_2_8_Pipeline_COL_LOOP is either unconnected or has no load
WARNING: [Synth 8-7129] Port dst_1_data_num_data_valid[0] in module sobel_accel_convertTo_2_0_2160_3840_1_2_2_8_Pipeline_COL_LOOP is either unconnected or has no load
WARNING: [Synth 8-7129] Port dst_1_data_fifo_cap[1] in module sobel_accel_convertTo_2_0_2160_3840_1_2_2_8_Pipeline_COL_LOOP is either unconnected or has no load
WARNING: [Synth 8-7129] Port dst_1_data_fifo_cap[0] in module sobel_accel_convertTo_2_0_2160_3840_1_2_2_8_Pipeline_COL_LOOP is either unconnected or has no load
WARNING: [Synth 8-7129] Port p_read[31] in module sobel_accel_convertTo_2_0_2160_3840_1_2_2_8 is either unconnected or has no load
WARNING: [Synth 8-7129] Port p_read[30] in module sobel_accel_convertTo_2_0_2160_3840_1_2_2_8 is either unconnected or has no load
WARNING: [Synth 8-7129] Port p_read[29] in module sobel_accel_convertTo_2_0_2160_3840_1_2_2_8 is either unconnected or has no load
WARNING: [Synth 8-7129] Port p_read[28] in module sobel_accel_convertTo_2_0_2160_3840_1_2_2_8 is either unconnected or has no load
WARNING: [Synth 8-7129] Port p_read[27] in module sobel_accel_convertTo_2_0_2160_3840_1_2_2_8 is either unconnected or has no load
WARNING: [Synth 8-7129] Port p_read[26] in module sobel_accel_convertTo_2_0_2160_3840_1_2_2_8 is either unconnected or has no load
WARNING: [Synth 8-7129] Port p_read[25] in module sobel_accel_convertTo_2_0_2160_3840_1_2_2_8 is either unconnected or has no load
WARNING: [Synth 8-7129] Port p_read[24] in module sobel_accel_convertTo_2_0_2160_3840_1_2_2_8 is either unconnected or has no load
WARNING: [Synth 8-7129] Port p_read[23] in module sobel_accel_convertTo_2_0_2160_3840_1_2_2_8 is either unconnected or has no load
WARNING: [Synth 8-7129] Port p_read[22] in module sobel_accel_convertTo_2_0_2160_3840_1_2_2_8 is either unconnected or has no load
WARNING: [Synth 8-7129] Port p_read[21] in module sobel_accel_convertTo_2_0_2160_3840_1_2_2_8 is either unconnected or has no load
WARNING: [Synth 8-7129] Port p_read[20] in module sobel_accel_convertTo_2_0_2160_3840_1_2_2_8 is either unconnected or has no load
WARNING: [Synth 8-7129] Port p_read[19] in module sobel_accel_convertTo_2_0_2160_3840_1_2_2_8 is either unconnected or has no load
WARNING: [Synth 8-7129] Port p_read[18] in module sobel_accel_convertTo_2_0_2160_3840_1_2_2_8 is either unconnected or has no load
WARNING: [Synth 8-7129] Port p_read[17] in module sobel_accel_convertTo_2_0_2160_3840_1_2_2_8 is either unconnected or has no load
WARNING: [Synth 8-7129] Port p_read[16] in module sobel_accel_convertTo_2_0_2160_3840_1_2_2_8 is either unconnected or has no load
WARNING: [Synth 8-7129] Port p_read1[31] in module sobel_accel_convertTo_2_0_2160_3840_1_2_2_8 is either unconnected or has no load
WARNING: [Synth 8-7129] Port p_read1[30] in module sobel_accel_convertTo_2_0_2160_3840_1_2_2_8 is either unconnected or has no load
WARNING: [Synth 8-7129] Port p_read1[29] in module sobel_accel_convertTo_2_0_2160_3840_1_2_2_8 is either unconnected or has no load
WARNING: [Synth 8-7129] Port p_read1[28] in module sobel_accel_convertTo_2_0_2160_3840_1_2_2_8 is either unconnected or has no load
WARNING: [Synth 8-7129] Port p_read1[27] in module sobel_accel_convertTo_2_0_2160_3840_1_2_2_8 is either unconnected or has no load
WARNING: [Synth 8-7129] Port p_read1[26] in module sobel_accel_convertTo_2_0_2160_3840_1_2_2_8 is either unconnected or has no load
WARNING: [Synth 8-7129] Port p_read1[25] in module sobel_accel_convertTo_2_0_2160_3840_1_2_2_8 is either unconnected or has no load
WARNING: [Synth 8-7129] Port p_read1[24] in module sobel_accel_convertTo_2_0_2160_3840_1_2_2_8 is either unconnected or has no load
WARNING: [Synth 8-7129] Port p_read1[23] in module sobel_accel_convertTo_2_0_2160_3840_1_2_2_8 is either unconnected or has no load
WARNING: [Synth 8-7129] Port p_read1[22] in module sobel_accel_convertTo_2_0_2160_3840_1_2_2_8 is either unconnected or has no load
WARNING: [Synth 8-7129] Port p_read1[21] in module sobel_accel_convertTo_2_0_2160_3840_1_2_2_8 is either unconnected or has no load
WARNING: [Synth 8-7129] Port p_read1[20] in module sobel_accel_convertTo_2_0_2160_3840_1_2_2_8 is either unconnected or has no load
WARNING: [Synth 8-7129] Port p_read1[19] in module sobel_accel_convertTo_2_0_2160_3840_1_2_2_8 is either unconnected or has no load
WARNING: [Synth 8-7129] Port p_read1[18] in module sobel_accel_convertTo_2_0_2160_3840_1_2_2_8 is either unconnected or has no load
WARNING: [Synth 8-7129] Port p_read1[17] in module sobel_accel_convertTo_2_0_2160_3840_1_2_2_8 is either unconnected or has no load
WARNING: [Synth 8-7129] Port p_read1[16] in module sobel_accel_convertTo_2_0_2160_3840_1_2_2_8 is either unconnected or has no load
WARNING: [Synth 8-7129] Port p_dst_data_num_data_valid[1] in module sobel_accel_convertTo_2_0_2160_3840_1_2_2_8 is either unconnected or has no load
WARNING: [Synth 8-7129] Port p_dst_data_num_data_valid[0] in module sobel_accel_convertTo_2_0_2160_3840_1_2_2_8 is either unconnected or has no load
WARNING: [Synth 8-7129] Port p_dst_data_fifo_cap[1] in module sobel_accel_convertTo_2_0_2160_3840_1_2_2_8 is either unconnected or has no load
WARNING: [Synth 8-7129] Port p_dst_data_fifo_cap[0] in module sobel_accel_convertTo_2_0_2160_3840_1_2_2_8 is either unconnected or has no load
WARNING: [Synth 8-7129] Port dst_1_data_num_data_valid[1] in module sobel_accel_convertTo_2_0_2160_3840_1_2_2_8 is either unconnected or has no load
WARNING: [Synth 8-7129] Port dst_1_data_num_data_valid[0] in module sobel_accel_convertTo_2_0_2160_3840_1_2_2_8 is either unconnected or has no load
WARNING: [Synth 8-7129] Port dst_1_data_fifo_cap[1] in module sobel_accel_convertTo_2_0_2160_3840_1_2_2_8 is either unconnected or has no load
WARNING: [Synth 8-7129] Port dst_1_data_fifo_cap[0] in module sobel_accel_convertTo_2_0_2160_3840_1_2_2_8 is either unconnected or has no load
WARNING: [Synth 8-7129] Port p_shift_num_data_valid[3] in module sobel_accel_convertTo_2_0_2160_3840_1_2_2_8 is either unconnected or has no load
WARNING: [Synth 8-7129] Port p_shift_num_data_valid[2] in module sobel_accel_convertTo_2_0_2160_3840_1_2_2_8 is either unconnected or has no load
WARNING: [Synth 8-7129] Port p_shift_num_data_valid[1] in module sobel_accel_convertTo_2_0_2160_3840_1_2_2_8 is either unconnected or has no load
WARNING: [Synth 8-7129] Port p_shift_num_data_valid[0] in module sobel_accel_convertTo_2_0_2160_3840_1_2_2_8 is either unconnected or has no load
WARNING: [Synth 8-7129] Port p_shift_fifo_cap[3] in module sobel_accel_convertTo_2_0_2160_3840_1_2_2_8 is either unconnected or has no load
WARNING: [Synth 8-7129] Port p_shift_fifo_cap[2] in module sobel_accel_convertTo_2_0_2160_3840_1_2_2_8 is either unconnected or has no load
WARNING: [Synth 8-7129] Port p_shift_fifo_cap[1] in module sobel_accel_convertTo_2_0_2160_3840_1_2_2_8 is either unconnected or has no load
WARNING: [Synth 8-7129] Port p_shift_fifo_cap[0] in module sobel_accel_convertTo_2_0_2160_3840_1_2_2_8 is either unconnected or has no load
WARNING: [Synth 8-7129] Port CLK in module xbip_pipe_v3_0_6_viv__parameterized5 is either unconnected or has no load
WARNING: [Synth 8-7129] Port CE in module xbip_pipe_v3_0_6_viv__parameterized5 is either unconnected or has no load
WARNING: [Synth 8-7129] Port SCLR in module xbip_pipe_v3_0_6_viv__parameterized5 is either unconnected or has no load
WARNING: [Synth 8-7129] Port SSET in module xbip_pipe_v3_0_6_viv__parameterized5 is either unconnected or has no load
WARNING: [Synth 8-7129] Port SINIT in module xbip_pipe_v3_0_6_viv__parameterized5 is either unconnected or has no load
WARNING: [Synth 8-7129] Port CLK in module xbip_pipe_v3_0_6_viv__parameterized17 is either unconnected or has no load
WARNING: [Synth 8-7129] Port CE in module xbip_pipe_v3_0_6_viv__parameterized17 is either unconnected or has no load
WARNING: [Synth 8-7129] Port SCLR in module xbip_pipe_v3_0_6_viv__parameterized17 is either unconnected or has no load
WARNING: [Synth 8-7129] Port SSET in module xbip_pipe_v3_0_6_viv__parameterized17 is either unconnected or has no load
WARNING: [Synth 8-7129] Port SINIT in module xbip_pipe_v3_0_6_viv__parameterized17 is either unconnected or has no load
WARNING: [Synth 8-7129] Port DEC_OP_STATE[11] in module flt_dec_op_lat is either unconnected or has no load
WARNING: [Synth 8-7129] Port DEC_OP_STATE[10] in module flt_dec_op_lat is either unconnected or has no load
WARNING: [Synth 8-7129] Port DEC_OP_STATE[9] in module flt_dec_op_lat is either unconnected or has no load
WARNING: [Synth 8-7129] Port DEC_OP_STATE[8] in module flt_dec_op_lat is either unconnected or has no load
WARNING: [Synth 8-7129] Port DIVIDE_BY_ZERO_IN in module flt_dec_op_lat is either unconnected or has no load
WARNING: [Synth 8-7129] Port CLK in module xbip_pipe_v3_0_6_viv__parameterized13 is either unconnected or has no load
WARNING: [Synth 8-7129] Port CE in module xbip_pipe_v3_0_6_viv__parameterized13 is either unconnected or has no load
WARNING: [Synth 8-7129] Port SCLR in module xbip_pipe_v3_0_6_viv__parameterized13 is either unconnected or has no load
WARNING: [Synth 8-7129] Port SSET in module xbip_pipe_v3_0_6_viv__parameterized13 is either unconnected or has no load
WARNING: [Synth 8-7129] Port SINIT in module xbip_pipe_v3_0_6_viv__parameterized13 is either unconnected or has no load
WARNING: [Synth 8-7129] Port CLK in module xbip_pipe_v3_0_6_viv__parameterized41 is either unconnected or has no load
WARNING: [Synth 8-7129] Port CE in module xbip_pipe_v3_0_6_viv__parameterized41 is either unconnected or has no load
WARNING: [Synth 8-7129] Port SCLR in module xbip_pipe_v3_0_6_viv__parameterized41 is either unconnected or has no load
WARNING: [Synth 8-7129] Port SSET in module xbip_pipe_v3_0_6_viv__parameterized41 is either unconnected or has no load
WARNING: [Synth 8-7129] Port SINIT in module xbip_pipe_v3_0_6_viv__parameterized41 is either unconnected or has no load
WARNING: [Synth 8-7129] Port CLK in module xbip_pipe_v3_0_6_viv__parameterized39 is either unconnected or has no load
WARNING: [Synth 8-7129] Port CE in module xbip_pipe_v3_0_6_viv__parameterized39 is either unconnected or has no load
WARNING: [Synth 8-7129] Port SCLR in module xbip_pipe_v3_0_6_viv__parameterized39 is either unconnected or has no load
INFO: [Common 17-14] Message 'Synth 8-7129' appears 100 times and further instances of the messages will be disabled. Use the Tcl command set_msg_config to change the current settings.
---------------------------------------------------------------------------------
Finished RTL Elaboration : Time (s): cpu = 00:00:39 ; elapsed = 00:01:02 . Memory (MB): peak = 2510.262 ; gain = 611.258
---------------------------------------------------------------------------------
---------------------------------------------------------------------------------
Start Handling Custom Attributes
---------------------------------------------------------------------------------
---------------------------------------------------------------------------------
Finished Handling Custom Attributes : Time (s): cpu = 00:00:39 ; elapsed = 00:01:03 . Memory (MB): peak = 2510.262 ; gain = 611.258
---------------------------------------------------------------------------------
---------------------------------------------------------------------------------
Finished RTL Optimization Phase 1 : Time (s): cpu = 00:00:39 ; elapsed = 00:01:03 . Memory (MB): peak = 2510.262 ; gain = 611.258
---------------------------------------------------------------------------------
Netlist sorting complete. Time (s): cpu = 00:00:01 ; elapsed = 00:00:00.669 . Memory (MB): peak = 2510.262 ; gain = 0.000
INFO: [Netlist 29-17] Analyzing 27 Unisim elements for replacement
INFO: [Netlist 29-28] Unisim Transformation completed in 0 CPU seconds
INFO: [Project 1-570] Preparing netlist for logic optimization

Processing XDC Constraints
Initializing timing engine
Parsing XDC File [c:/Xilinx/workspace/sobel3weightedadd/sobel3weightedadd.gen/sources_1/bd/sobel_design/ip/sobel_design_sobel_accel_0_0/constraints/sobel_accel_ooc.xdc] for cell 'inst'
Finished Parsing XDC File [c:/Xilinx/workspace/sobel3weightedadd/sobel3weightedadd.gen/sources_1/bd/sobel_design/ip/sobel_design_sobel_accel_0_0/constraints/sobel_accel_ooc.xdc] for cell 'inst'
Parsing XDC File [C:/Xilinx/workspace/sobel3weightedadd/sobel3weightedadd.runs/sobel_design_sobel_accel_0_0_synth_1/dont_touch.xdc]
Finished Parsing XDC File [C:/Xilinx/workspace/sobel3weightedadd/sobel3weightedadd.runs/sobel_design_sobel_accel_0_0_synth_1/dont_touch.xdc]
Completed Processing XDC Constraints

Netlist sorting complete. Time (s): cpu = 00:00:00 ; elapsed = 00:00:00.008 . Memory (MB): peak = 2528.793 ; gain = 0.000
INFO: [Project 1-111] Unisim Transformation Summary:
No Unisim elements were transformed.

Constraint Validation Runtime : Time (s): cpu = 00:00:01 ; elapsed = 00:00:00.262 . Memory (MB): peak = 2531.828 ; gain = 3.035
INFO: [Designutils 20-5008] Incremental synthesis strategy off
---------------------------------------------------------------------------------
Finished Constraint Validation : Time (s): cpu = 00:01:03 ; elapsed = 00:01:33 . Memory (MB): peak = 2531.828 ; gain = 632.824
---------------------------------------------------------------------------------
---------------------------------------------------------------------------------
Start Loading Part and Timing Information
---------------------------------------------------------------------------------
Loading part: xc7z020clg400-1
---------------------------------------------------------------------------------
Finished Loading Part and Timing Information : Time (s): cpu = 00:01:03 ; elapsed = 00:01:33 . Memory (MB): peak = 2531.828 ; gain = 632.824
---------------------------------------------------------------------------------
---------------------------------------------------------------------------------
Start Applying 'set_property' XDC Constraints
---------------------------------------------------------------------------------
Applied set_property KEEP_HIERARCHY = SOFT for inst. (constraint file  C:/Xilinx/workspace/sobel3weightedadd/sobel3weightedadd.runs/sobel_design_sobel_accel_0_0_synth_1/dont_touch.xdc, line 9).
---------------------------------------------------------------------------------
Finished applying 'set_property' XDC Constraints : Time (s): cpu = 00:01:03 ; elapsed = 00:01:33 . Memory (MB): peak = 2531.828 ; gain = 632.824
---------------------------------------------------------------------------------
INFO: [Synth 8-802] inferred FSM for state register 'wstate_reg' in module 'sobel_accel_control_s_axi'
INFO: [Synth 8-802] inferred FSM for state register 'rstate_reg' in module 'sobel_accel_control_s_axi'
INFO: [Synth 8-4490] FSM extraction disabled for register 'ap_CS_fsm_reg' through user attribute
WARNING: [Synth 8-3936] Found unconnected internal register 'zext_ln360_reg_146_reg' and it is trimmed from '13' to '12' bits. [c:/Xilinx/workspace/sobel3weightedadd/sobel3weightedadd.gen/sources_1/bd/sobel_design/ipshared/f88a/hdl/verilog/sobel_accel_xFSobelFilter3x3_Pipeline_Clear_Row_Loop.v:158]
INFO: [Synth 8-4490] FSM extraction disabled for register 'ap_CS_fsm_reg' through user attribute
INFO: [Synth 8-4490] FSM extraction disabled for register 'ap_CS_fsm_reg' through user attribute
INFO: [Synth 8-4490] FSM extraction disabled for register 'ap_CS_fsm_reg' through user attribute
INFO: [Synth 8-4490] FSM extraction disabled for register 'ap_CS_fsm_reg' through user attribute
INFO: [Synth 8-4490] FSM extraction disabled for register 'ap_CS_fsm_reg' through user attribute
INFO: [Synth 8-4490] FSM extraction disabled for register 'ap_CS_fsm_reg' through user attribute
---------------------------------------------------------------------------------------------------
                   State |                     New Encoding |                Previous Encoding 
---------------------------------------------------------------------------------------------------
                  iSTATE |                             0001 |                               11
*
                  WRIDLE |                             0010 |                               00
                  WRDATA |                             0100 |                               01
                  WRRESP |                             1000 |                               10
---------------------------------------------------------------------------------------------------
INFO: [Synth 8-3354] encoded FSM with state register 'wstate_reg' using encoding 'one-hot' in module 'sobel_accel_control_s_axi'
---------------------------------------------------------------------------------------------------
                   State |                     New Encoding |                Previous Encoding 
---------------------------------------------------------------------------------------------------
                  iSTATE |                              001 |                               10
*
                  RDIDLE |                              010 |                               00
                  RDDATA |                              100 |                               01
---------------------------------------------------------------------------------------------------
INFO: [Synth 8-3354] encoded FSM with state register 'rstate_reg' using encoding 'one-hot' in module 'sobel_accel_control_s_axi'
---------------------------------------------------------------------------------
Finished RTL Optimization Phase 2 : Time (s): cpu = 00:01:07 ; elapsed = 00:01:38 . Memory (MB): peak = 2531.828 ; gain = 632.824
---------------------------------------------------------------------------------
INFO: [Synth 8-223] decloning instance 'inst/accumulateWeighted_0_2_2160_3840_1_2_2_2_U0/fmul_32ns_32ns_32_4_max_dsp_1_U114/sobel_accel_fmul_32ns_32ns_32_4_max_dsp_1_ip_u/inst/i_synth/DELAY_DIVIDE_BY_ZERO' (delay__parameterized1) to 'inst/accumulateWeighted_0_2_2160_3840_1_2_2_2_U0/fmul_32ns_32ns_32_4_max_dsp_1_U114/sobel_accel_fmul_32ns_32ns_32_4_max_dsp_1_ip_u/inst/i_synth/DELAY_ACCUM_OVERFLOW'
INFO: [Synth 8-223] decloning instance 'inst/accumulateWeighted_0_2_2160_3840_1_2_2_2_U0/fmul_32ns_32ns_32_4_max_dsp_1_U114/sobel_accel_fmul_32ns_32ns_32_4_max_dsp_1_ip_u/inst/i_synth/DELAY_DIVIDE_BY_ZERO' (delay__parameterized1) to 'inst/accumulateWeighted_0_2_2160_3840_1_2_2_2_U0/fmul_32ns_32ns_32_4_max_dsp_1_U114/sobel_accel_fmul_32ns_32ns_32_4_max_dsp_1_ip_u/inst/i_synth/DELAY_ACCUM_INPUT_OVERFLOW'
---------------------------------------------------------------------------------
Start RTL Component Statistics 
---------------------------------------------------------------------------------
---------------------------------------------------------------------------------
Finished RTL Component Statistics 
---------------------------------------------------------------------------------
---------------------------------------------------------------------------------
Start Part Resource Summary
---------------------------------------------------------------------------------
Part Resources:
DSPs: 220 (col length:60)
BRAMs: 280 (col length: RAMB18 60 RAMB36 30)
---------------------------------------------------------------------------------
Finished Part Resource Summary
---------------------------------------------------------------------------------
---------------------------------------------------------------------------------
Start Cross Boundary and Area Optimization
---------------------------------------------------------------------------------
WARNING: [Synth 8-7080] Parallel synthesis criteria is not met
WARNING: [Synth 8-3936] Found unconnected internal register 'grp_xFSobel3x3_3_1_16_0_s_fu_362/grp_xFGradientX3x3_16_0_s_fu_82/ap_return_int_reg_reg' and it is trimmed from '8' to '7' bits. [c:/Xilinx/workspace/sobel3weightedadd/sobel3weightedadd.gen/sources_1/bd/sobel_design/ipshared/f88a/hdl/verilog/sobel_accel_xFGradientX3x3_16_0_s.v:75]
WARNING: [Synth 8-3936] Found unconnected internal register 'grp_xFSobel3x3_3_1_16_0_s_fu_362/grp_xFGradientX3x3_16_0_s_fu_82/trunc_ln62_reg_223_reg' and it is trimmed from '8' to '7' bits. [c:/Xilinx/workspace/sobel3weightedadd/sobel3weightedadd.gen/sources_1/bd/sobel_design/ipshared/f88a/hdl/verilog/sobel_accel_xFGradientX3x3_16_0_s.v:84]
WARNING: [Synth 8-3936] Found unconnected internal register 'grp_xFSobel3x3_3_1_16_0_s_fu_362/grp_xFGradientY3x3_16_0_s_fu_112/ap_return_int_reg_reg' and it is trimmed from '8' to '1' bits. [c:/Xilinx/workspace/sobel3weightedadd/sobel3weightedadd.gen/sources_1/bd/sobel_design/ipshared/f88a/hdl/verilog/sobel_accel_xFGradientY3x3_16_0_s.v:75]
WARNING: [Synth 8-3936] Found unconnected internal register 'grp_xFSobel3x3_3_1_16_0_s_fu_362/grp_xFGradientY3x3_16_0_s_fu_112/trunc_ln110_1_reg_223_reg' and it is trimmed from '8' to '1' bits. [c:/Xilinx/workspace/sobel3weightedadd/sobel3weightedadd.gen/sources_1/bd/sobel_design/ipshared/f88a/hdl/verilog/sobel_accel_xFGradientY3x3_16_0_s.v:84]
WARNING: [Synth 8-3936] Found unconnected internal register 'grp_xFSobel3x3_3_1_16_0_s_fu_362/grp_xFGradientX3x3_16_0_s_fu_92/ap_return_int_reg_reg' and it is trimmed from '8' to '1' bits. [c:/Xilinx/workspace/sobel3weightedadd/sobel3weightedadd.gen/sources_1/bd/sobel_design/ipshared/f88a/hdl/verilog/sobel_accel_xFGradientX3x3_16_0_s.v:75]
WARNING: [Synth 8-3936] Found unconnected internal register 'grp_xFSobel3x3_3_1_16_0_s_fu_362/grp_xFGradientX3x3_16_0_s_fu_92/trunc_ln62_reg_223_reg' and it is trimmed from '8' to '1' bits. [c:/Xilinx/workspace/sobel3weightedadd/sobel3weightedadd.gen/sources_1/bd/sobel_design/ipshared/f88a/hdl/verilog/sobel_accel_xFGradientX3x3_16_0_s.v:84]
WARNING: [Synth 8-3936] Found unconnected internal register 'grp_xFSobel3x3_3_1_16_0_s_fu_362/grp_xFGradientY3x3_16_0_s_fu_102/ap_return_int_reg_reg' and it is trimmed from '8' to '7' bits. [c:/Xilinx/workspace/sobel3weightedadd/sobel3weightedadd.gen/sources_1/bd/sobel_design/ipshared/f88a/hdl/verilog/sobel_accel_xFGradientY3x3_16_0_s.v:75]
WARNING: [Synth 8-3936] Found unconnected internal register 'grp_xFSobel3x3_3_1_16_0_s_fu_362/grp_xFGradientY3x3_16_0_s_fu_102/trunc_ln110_1_reg_223_reg' and it is trimmed from '8' to '7' bits. [c:/Xilinx/workspace/sobel3weightedadd/sobel3weightedadd.gen/sources_1/bd/sobel_design/ipshared/f88a/hdl/verilog/sobel_accel_xFGradientY3x3_16_0_s.v:84]
WARNING: [Synth 8-3936] Found unconnected internal register 'grp_xFSobel3x3_3_1_16_0_s_fu_362/grp_xFGradientY3x3_16_0_s_fu_102/trunc_ln110_reg_218_reg' and it is trimmed from '7' to '6' bits. [c:/Xilinx/workspace/sobel3weightedadd/sobel3weightedadd.gen/sources_1/bd/sobel_design/ipshared/f88a/hdl/verilog/sobel_accel_xFGradientY3x3_16_0_s.v:85]
WARNING: [Synth 8-3936] Found unconnected internal register 'grp_accumulateWeighted_0_2_2160_3840_1_2_2_2_Pipeline_ColLoop_fu_110/mac_muladd_24ns_8ns_32ns_33_4_1_U105/sobel_accel_mac_muladd_24ns_8ns_32ns_33_4_1_DSP48_0_U/p_reg_reg' and it is trimmed from '44' to '33' bits. [c:/Xilinx/workspace/sobel3weightedadd/sobel3weightedadd.gen/sources_1/bd/sobel_design/ipshared/f88a/hdl/verilog/sobel_accel_mac_muladd_24ns_8ns_32ns_33_4_1.v:41]
WARNING: [Synth 8-3936] Found unconnected internal register 'grp_accumulateWeighted_0_2_2160_3840_1_2_2_2_Pipeline_ColLoop_fu_110/mac_muladd_24ns_8ns_32ns_33_4_1_U105/sobel_accel_mac_muladd_24ns_8ns_32ns_33_4_1_DSP48_0_U/m_reg_reg' and it is trimmed from '43' to '33' bits. [c:/Xilinx/workspace/sobel3weightedadd/sobel3weightedadd.gen/sources_1/bd/sobel_design/ipshared/f88a/hdl/verilog/sobel_accel_mac_muladd_24ns_8ns_32ns_33_4_1.v:34]
WARNING: [Synth 8-3332] Sequential element (FSM_onehot_wstate_reg[0]) is unused and will be removed from module sobel_accel_control_s_axi.
WARNING: [Synth 8-3332] Sequential element (FSM_onehot_rstate_reg[0]) is unused and will be removed from module sobel_accel_control_s_axi.
---------------------------------------------------------------------------------
Finished Cross Boundary and Area Optimization : Time (s): cpu = 00:01:36 ; elapsed = 00:02:16 . Memory (MB): peak = 2541.562 ; gain = 642.559
---------------------------------------------------------------------------------
---------------------------------------------------------------------------------
Start Applying XDC Timing Constraints
---------------------------------------------------------------------------------
---------------------------------------------------------------------------------
Finished Applying XDC Timing Constraints : Time (s): cpu = 00:02:02 ; elapsed = 00:02:46 . Memory (MB): peak = 2541.562 ; gain = 642.559
---------------------------------------------------------------------------------
---------------------------------------------------------------------------------
Start Timing Optimization
---------------------------------------------------------------------------------
---------------------------------------------------------------------------------
Finished Timing Optimization : Time (s): cpu = 00:02:06 ; elapsed = 00:02:51 . Memory (MB): peak = 2541.562 ; gain = 642.559
---------------------------------------------------------------------------------
---------------------------------------------------------------------------------
Start Technology Mapping
---------------------------------------------------------------------------------
INFO: [Synth 8-7052] The timing for the instance inst/Sobel_0_3_16_0_2160_3840_1_false_2_2_2_U0/grp_xFSobelFilter3x3_16_0_2160_3840_3_16_0_1_2_2_2_10_1_3840_false_s_fu_46/buf_U/ram_reg_0 (implemented as a Block RAM) might be sub-optimal as no optional output register could be merged into the ram block. Providing additional output register may help in improving timing.
INFO: [Synth 8-7052] The timing for the instance inst/Sobel_0_3_16_0_2160_3840_1_false_2_2_2_U0/grp_xFSobelFilter3x3_16_0_2160_3840_3_16_0_1_2_2_2_10_1_3840_false_s_fu_46/buf_U/ram_reg_1 (implemented as a Block RAM) might be sub-optimal as no optional output register could be merged into the ram block. Providing additional output register may help in improving timing.
INFO: [Synth 8-7052] The timing for the instance inst/Sobel_0_3_16_0_2160_3840_1_false_2_2_2_U0/grp_xFSobelFilter3x3_16_0_2160_3840_3_16_0_1_2_2_2_10_1_3840_false_s_fu_46/buf_U/ram_reg_2 (implemented as a Block RAM) might be sub-optimal as no optional output register could be merged into the ram block. Providing additional output register may help in improving timing.
INFO: [Synth 8-7052] The timing for the instance inst/Sobel_0_3_16_0_2160_3840_1_false_2_2_2_U0/grp_xFSobelFilter3x3_16_0_2160_3840_3_16_0_1_2_2_2_10_1_3840_false_s_fu_46/buf_1_U/ram_reg_0 (implemented as a Block RAM) might be sub-optimal as no optional output register could be merged into the ram block. Providing additional output register may help in improving timing.
INFO: [Synth 8-7052] The timing for the instance inst/Sobel_0_3_16_0_2160_3840_1_false_2_2_2_U0/grp_xFSobelFilter3x3_16_0_2160_3840_3_16_0_1_2_2_2_10_1_3840_false_s_fu_46/buf_1_U/ram_reg_1 (implemented as a Block RAM) might be sub-optimal as no optional output register could be merged into the ram block. Providing additional output register may help in improving timing.
INFO: [Synth 8-7052] The timing for the instance inst/Sobel_0_3_16_0_2160_3840_1_false_2_2_2_U0/grp_xFSobelFilter3x3_16_0_2160_3840_3_16_0_1_2_2_2_10_1_3840_false_s_fu_46/buf_1_U/ram_reg_2 (implemented as a Block RAM) might be sub-optimal as no optional output register could be merged into the ram block. Providing additional output register may help in improving timing.
INFO: [Synth 8-7052] The timing for the instance inst/Sobel_0_3_16_0_2160_3840_1_false_2_2_2_U0/grp_xFSobelFilter3x3_16_0_2160_3840_3_16_0_1_2_2_2_10_1_3840_false_s_fu_46/buf_2_U/ram_reg_0 (implemented as a Block RAM) might be sub-optimal as no optional output register could be merged into the ram block. Providing additional output register may help in improving timing.
INFO: [Synth 8-7052] The timing for the instance inst/Sobel_0_3_16_0_2160_3840_1_false_2_2_2_U0/grp_xFSobelFilter3x3_16_0_2160_3840_3_16_0_1_2_2_2_10_1_3840_false_s_fu_46/buf_2_U/ram_reg_1 (implemented as a Block RAM) might be sub-optimal as no optional output register could be merged into the ram block. Providing additional output register may help in improving timing.
INFO: [Synth 8-7052] The timing for the instance inst/Sobel_0_3_16_0_2160_3840_1_false_2_2_2_U0/grp_xFSobelFilter3x3_16_0_2160_3840_3_16_0_1_2_2_2_10_1_3840_false_s_fu_46/buf_2_U/ram_reg_2 (implemented as a Block RAM) might be sub-optimal as no optional output register could be merged into the ram block. Providing additional output register may help in improving timing.
---------------------------------------------------------------------------------
Finished Technology Mapping : Time (s): cpu = 00:02:11 ; elapsed = 00:02:59 . Memory (MB): peak = 2554.039 ; gain = 655.035
---------------------------------------------------------------------------------
---------------------------------------------------------------------------------
Start IO Insertion
---------------------------------------------------------------------------------
---------------------------------------------------------------------------------
Start Flattening Before IO Insertion
---------------------------------------------------------------------------------
---------------------------------------------------------------------------------
Finished Flattening Before IO Insertion
---------------------------------------------------------------------------------
---------------------------------------------------------------------------------
Start Final Netlist Cleanup
---------------------------------------------------------------------------------
---------------------------------------------------------------------------------
Finished Final Netlist Cleanup
---------------------------------------------------------------------------------
---------------------------------------------------------------------------------
Finished IO Insertion : Time (s): cpu = 00:02:24 ; elapsed = 00:03:13 . Memory (MB): peak = 2567.875 ; gain = 668.871
---------------------------------------------------------------------------------
---------------------------------------------------------------------------------
Start Renaming Generated Instances
---------------------------------------------------------------------------------
---------------------------------------------------------------------------------
Finished Renaming Generated Instances : Time (s): cpu = 00:02:24 ; elapsed = 00:03:13 . Memory (MB): peak = 2567.875 ; gain = 668.871
---------------------------------------------------------------------------------
---------------------------------------------------------------------------------
Start Rebuilding User Hierarchy
---------------------------------------------------------------------------------
---------------------------------------------------------------------------------
Finished Rebuilding User Hierarchy : Time (s): cpu = 00:02:25 ; elapsed = 00:03:14 . Memory (MB): peak = 2567.875 ; gain = 668.871
---------------------------------------------------------------------------------
---------------------------------------------------------------------------------
Start Renaming Generated Ports
---------------------------------------------------------------------------------
---------------------------------------------------------------------------------
Finished Renaming Generated Ports : Time (s): cpu = 00:02:25 ; elapsed = 00:03:15 . Memory (MB): peak = 2567.875 ; gain = 668.871
---------------------------------------------------------------------------------
---------------------------------------------------------------------------------
Start Handling Custom Attributes
---------------------------------------------------------------------------------
---------------------------------------------------------------------------------
Finished Handling Custom Attributes : Time (s): cpu = 00:02:25 ; elapsed = 00:03:15 . Memory (MB): peak = 2567.875 ; gain = 668.871
---------------------------------------------------------------------------------
---------------------------------------------------------------------------------
Start Renaming Generated Nets
---------------------------------------------------------------------------------
---------------------------------------------------------------------------------
Finished Renaming Generated Nets : Time (s): cpu = 00:02:25 ; elapsed = 00:03:15 . Memory (MB): peak = 2567.875 ; gain = 668.871
---------------------------------------------------------------------------------
---------------------------------------------------------------------------------
Start Writing Synthesis Report
---------------------------------------------------------------------------------

DSP Final Report (the ' indicates corresponding REG is set)
+-------------------------------------------------------+-----------------+--------+--------+--------+--------+--------+------+------+------+------+-------+------+------+
|Module Name                                            | DSP Mapping     | A Size | B Size | C Size | D Size | P Size | AREG | BREG | CREG | DREG | ADREG | MREG | PREG | 
+-------------------------------------------------------+-----------------+--------+--------+--------+--------+--------+------+------+------+------+-------+------+------+
|dsp48e1_wrapper                                        | (A*B)'          | 24     | 17     | -      | -      | 41     | 0    | 0    | -    | -    | -     | 0    | 1    | 
|dsp48e1_wrapper__parameterized0                        | PCIN>>17+(A*B)' | 0      | 7      | -      | -      | 31     | 0    | 0    | -    | -    | -     | 1    | 0    | 
|dsp48e1_wrapper__parameterized1                        | PCIN+A:B+C      | 22     | 0      | -      | -      | 48     | 0    | 0    | -    | -    | -     | 0    | 0    | 
|sobel_accel_accumulateWeighted_0_2_2160_3840_1_2_2_2_s | (A''*B')'       | 24     | 8      | -      | -      | 32     | 2    | 1    | -    | -    | -     | 0    | 1    | 
|sobel_accel_mac_muladd_24ns_8ns_32ns_33_4_1_DSP48_0    | (C+(A''*B')')'  | 24     | 8      | 32     | -      | 33     | 2    | 1    | 1    | -    | -     | 1    | 1    | 
+-------------------------------------------------------+-----------------+--------+--------+--------+--------+--------+------+------+------+------+-------+------+------+


Report BlackBoxes: 
+-+--------------+----------+
| |BlackBox name |Instances |
+-+--------------+----------+
+-+--------------+----------+

Report Cell Usage: 
+------+---------+------+
|      |Cell     |Count |
+------+---------+------+
|1     |CARRY4   |   156|
|2     |DSP48E1  |     5|
|7     |LUT1     |   128|
|8     |LUT2     |   185|
|9     |LUT3     |   477|
|10    |LUT4     |   625|
|11    |LUT5     |   390|
|12    |LUT6     |   582|
|13    |MUXCY    |    12|
|14    |RAMB36E1 |     9|
|15    |SRL16E   |   195|
|16    |XORCY    |     8|
|17    |FDRE     |  2069|
|18    |FDSE     |    95|
+------+---------+------+
---------------------------------------------------------------------------------
Finished Writing Synthesis Report : Time (s): cpu = 00:02:25 ; elapsed = 00:03:15 . Memory (MB): peak = 2567.875 ; gain = 668.871
---------------------------------------------------------------------------------
Synthesis finished with 0 errors, 0 critical warnings and 211 warnings.
Synthesis Optimization Runtime : Time (s): cpu = 00:01:37 ; elapsed = 00:03:03 . Memory (MB): peak = 2567.875 ; gain = 647.305
Synthesis Optimization Complete : Time (s): cpu = 00:02:26 ; elapsed = 00:03:15 . Memory (MB): peak = 2567.875 ; gain = 668.871
INFO: [Project 1-571] Translating synthesized netlist
Netlist sorting complete. Time (s): cpu = 00:00:00 ; elapsed = 00:00:00.264 . Memory (MB): peak = 2567.875 ; gain = 0.000
INFO: [Netlist 29-17] Analyzing 190 Unisim elements for replacement
INFO: [Netlist 29-28] Unisim Transformation completed in 0 CPU seconds
INFO: [Project 1-570] Preparing netlist for logic optimization
INFO: [Opt 31-138] Pushed 0 inverter(s) to 0 load pin(s).
Netlist sorting complete. Time (s): cpu = 00:00:00 ; elapsed = 00:00:00.005 . Memory (MB): peak = 2584.582 ; gain = 0.000
INFO: [Project 1-111] Unisim Transformation Summary:
  A total of 3 instances were transformed.
  (MUXCY,XORCY) => CARRY4: 3 instances

Synth Design complete | Checksum: da73facb
INFO: [Common 17-83] Releasing license: Synthesis
145 Infos, 116 Warnings, 0 Critical Warnings and 0 Errors encountered.
synth_design completed successfully
synth_design: Time (s): cpu = 00:02:39 ; elapsed = 00:03:36 . Memory (MB): peak = 2584.582 ; gain = 1090.664
INFO: [Common 17-1381] The checkpoint 'C:/Xilinx/workspace/sobel3weightedadd/sobel3weightedadd.runs/sobel_design_sobel_accel_0_0_synth_1/sobel_design_sobel_accel_0_0.dcp' has been generated.
INFO: [Coretcl 2-1648] Added synthesis output to IP cache for IP sobel_design_sobel_accel_0_0, cache-ID = 414f984ec14c84c9
INFO: [Coretcl 2-1174] Renamed 102 cell refs.
INFO: [Common 17-1381] The checkpoint 'C:/Xilinx/workspace/sobel3weightedadd/sobel3weightedadd.runs/sobel_design_sobel_accel_0_0_synth_1/sobel_design_sobel_accel_0_0.dcp' has been generated.
INFO: [runtcl-4] Executing : report_utilization -file sobel_design_sobel_accel_0_0_utilization_synth.rpt -pb sobel_design_sobel_accel_0_0_utilization_synth.pb
INFO: [Common 17-206] Exiting Vivado at Sun Aug 27 21:49:44 2023...
