Copyright 1986-2022 Xilinx, Inc. All Rights Reserved. Copyright 2022-2023 Advanced Micro Devices, Inc. All Rights Reserved.
------------------------------------------------------------------------------------------------------------------------------------------------------
| Tool Version : Vivado v.2023.1 (win64) Build 3865809 Sun May  7 15:05:29 MDT 2023
| Date         : Thu Oct 12 10:17:59 2023
| Host         : Kamal-PC running 64-bit major release  (build 9200)
| Command      : report_drc -file scharr_design_wrapper_drc_opted.rpt -pb scharr_design_wrapper_drc_opted.pb -rpx scharr_design_wrapper_drc_opted.rpx
| Design       : scharr_design_wrapper
| Device       : xc7z020clg400-1
| Speed File   : -1
| Design State : Synthesized
------------------------------------------------------------------------------------------------------------------------------------------------------

Report DRC

Table of Contents
-----------------
1. REPORT SUMMARY
2. REPORT DETAILS

1. REPORT SUMMARY
-----------------
            Netlist: netlist
          Floorplan: design_1
      Design limits: <entire design considered>
           Ruledeck: default
             Max violations: <unlimited>
             Violations found: 13
+--------+----------+-------------------------------------------------------------------+------------+
| Rule   | Severity | Description                                                       | Violations |
+--------+----------+-------------------------------------------------------------------+------------+
| DPIP-1 | Warning  | Input pipelining                                                  | 3          |
| DPOP-1 | Warning  | PREG Output pipelining                                            | 4          |
| DPOP-2 | Warning  | MREG Output pipelining                                            | 2          |
| AVAL-4 | Advisory | enum_USE_DPORT_FALSE_enum_DREG_ADREG_0_connects_CED_CEAD_RSTD_GND | 3          |
| AVAL-5 | Advisory | enum_USE_MULT_NONE_enum_DREG_ADREG_0_connects_CED_CEAD_RSTD_GND   | 1          |
+--------+----------+-------------------------------------------------------------------+------------+

2. REPORT DETAILS
-----------------
DPIP-1#1 Warning
Input pipelining  
DSP scharr_design_i/scharr_accel_0/inst/accumulateWeighted_0_2_2160_3840_1_2_2_2_U0/fmul_32ns_32ns_32_4_max_dsp_1_U114/scharr_accel_fmul_32ns_32ns_32_4_max_dsp_1_ip_u/inst/i_synth/MULT.OP/i_non_prim.MULT/DSP48E1_SPD_SGL_VARIANT.FIX_MULT/DSP1/i_no_versal_es1_workaround.DSP input scharr_design_i/scharr_accel_0/inst/accumulateWeighted_0_2_2160_3840_1_2_2_2_U0/fmul_32ns_32ns_32_4_max_dsp_1_U114/scharr_accel_fmul_32ns_32ns_32_4_max_dsp_1_ip_u/inst/i_synth/MULT.OP/i_non_prim.MULT/DSP48E1_SPD_SGL_VARIANT.FIX_MULT/DSP1/i_no_versal_es1_workaround.DSP/A[29:0] is not pipelined. Pipelining DSP48 input will improve performance.
Related violations: <none>

DPIP-1#2 Warning
Input pipelining  
DSP scharr_design_i/scharr_accel_0/inst/accumulateWeighted_0_2_2160_3840_1_2_2_2_U0/fmul_32ns_32ns_32_4_max_dsp_1_U114/scharr_accel_fmul_32ns_32ns_32_4_max_dsp_1_ip_u/inst/i_synth/MULT.OP/i_non_prim.R_AND_R/LAT_OPT.FULL.R_AND_R/DSP48E1_SGL_EXP_IP.OLD_ADD.ADD/i_no_versal_es1_workaround.DSP input scharr_design_i/scharr_accel_0/inst/accumulateWeighted_0_2_2160_3840_1_2_2_2_U0/fmul_32ns_32ns_32_4_max_dsp_1_U114/scharr_accel_fmul_32ns_32ns_32_4_max_dsp_1_ip_u/inst/i_synth/MULT.OP/i_non_prim.R_AND_R/LAT_OPT.FULL.R_AND_R/DSP48E1_SGL_EXP_IP.OLD_ADD.ADD/i_no_versal_es1_workaround.DSP/C[47:0] is not pipelined. Pipelining DSP48 input will improve performance.
Related violations: <none>

DPIP-1#3 Warning
Input pipelining  
DSP scharr_design_i/scharr_accel_0/inst/accumulateWeighted_0_2_2160_3840_1_2_2_2_U0/grp_accumulateWeighted_0_2_2160_3840_1_2_2_2_Pipeline_ColLoop_fu_110/mac_muladd_24ns_8ns_32ns_33_4_1_U105/scharr_accel_mac_muladd_24ns_8ns_32ns_33_4_1_DSP48_0_U/p_reg_reg input scharr_design_i/scharr_accel_0/inst/accumulateWeighted_0_2_2160_3840_1_2_2_2_U0/grp_accumulateWeighted_0_2_2160_3840_1_2_2_2_Pipeline_ColLoop_fu_110/mac_muladd_24ns_8ns_32ns_33_4_1_U105/scharr_accel_mac_muladd_24ns_8ns_32ns_33_4_1_DSP48_0_U/p_reg_reg/C[47:0] is not pipelined. Pipelining DSP48 input will improve performance.
Related violations: <none>

DPOP-1#1 Warning
PREG Output pipelining  
DSP scharr_design_i/scharr_accel_0/inst/accumulateWeighted_0_2_2160_3840_1_2_2_2_U0/fmul_32ns_32ns_32_4_max_dsp_1_U114/scharr_accel_fmul_32ns_32ns_32_4_max_dsp_1_ip_u/inst/i_synth/MULT.OP/i_non_prim.MULT/DSP48E1_SPD_SGL_VARIANT.FIX_MULT/DSP2/i_no_versal_es1_workaround.DSP output scharr_design_i/scharr_accel_0/inst/accumulateWeighted_0_2_2160_3840_1_2_2_2_U0/fmul_32ns_32ns_32_4_max_dsp_1_U114/scharr_accel_fmul_32ns_32ns_32_4_max_dsp_1_ip_u/inst/i_synth/MULT.OP/i_non_prim.MULT/DSP48E1_SPD_SGL_VARIANT.FIX_MULT/DSP2/i_no_versal_es1_workaround.DSP/PATTERNDETECT is not pipelined (PREG=0). Pipelining the DSP48 output will improve performance and often saves power so it is suggested whenever possible to fully pipeline this function.  If this DSP48 function was inferred, it is suggested to describe an additional register stage after this function.  If the DSP48 was instantiated in the design, it is suggested to set the PREG attribute to 1.
Related violations: <none>

DPOP-1#2 Warning
PREG Output pipelining  
DSP scharr_design_i/scharr_accel_0/inst/accumulateWeighted_0_2_2160_3840_1_2_2_2_U0/fmul_32ns_32ns_32_4_max_dsp_1_U114/scharr_accel_fmul_32ns_32ns_32_4_max_dsp_1_ip_u/inst/i_synth/MULT.OP/i_non_prim.MULT/DSP48E1_SPD_SGL_VARIANT.FIX_MULT/DSP2/i_no_versal_es1_workaround.DSP output scharr_design_i/scharr_accel_0/inst/accumulateWeighted_0_2_2160_3840_1_2_2_2_U0/fmul_32ns_32ns_32_4_max_dsp_1_U114/scharr_accel_fmul_32ns_32ns_32_4_max_dsp_1_ip_u/inst/i_synth/MULT.OP/i_non_prim.MULT/DSP48E1_SPD_SGL_VARIANT.FIX_MULT/DSP2/i_no_versal_es1_workaround.DSP/P[47:0] is not pipelined (PREG=0). Pipelining the DSP48 output will improve performance and often saves power so it is suggested whenever possible to fully pipeline this function.  If this DSP48 function was inferred, it is suggested to describe an additional register stage after this function.  If the DSP48 was instantiated in the design, it is suggested to set the PREG attribute to 1.
Related violations: <none>

DPOP-1#3 Warning
PREG Output pipelining  
DSP scharr_design_i/scharr_accel_0/inst/accumulateWeighted_0_2_2160_3840_1_2_2_2_U0/fmul_32ns_32ns_32_4_max_dsp_1_U114/scharr_accel_fmul_32ns_32ns_32_4_max_dsp_1_ip_u/inst/i_synth/MULT.OP/i_non_prim.R_AND_R/LAT_OPT.FULL.R_AND_R/DSP48E1_SGL_EXP_IP.OLD_ADD.ADD/i_no_versal_es1_workaround.DSP output scharr_design_i/scharr_accel_0/inst/accumulateWeighted_0_2_2160_3840_1_2_2_2_U0/fmul_32ns_32ns_32_4_max_dsp_1_U114/scharr_accel_fmul_32ns_32ns_32_4_max_dsp_1_ip_u/inst/i_synth/MULT.OP/i_non_prim.R_AND_R/LAT_OPT.FULL.R_AND_R/DSP48E1_SGL_EXP_IP.OLD_ADD.ADD/i_no_versal_es1_workaround.DSP/CARRYOUT[3:0] is not pipelined (PREG=0). Pipelining the DSP48 output will improve performance and often saves power so it is suggested whenever possible to fully pipeline this function.  If this DSP48 function was inferred, it is suggested to describe an additional register stage after this function.  If the DSP48 was instantiated in the design, it is suggested to set the PREG attribute to 1.
Related violations: <none>

DPOP-1#4 Warning
PREG Output pipelining  
DSP scharr_design_i/scharr_accel_0/inst/accumulateWeighted_0_2_2160_3840_1_2_2_2_U0/fmul_32ns_32ns_32_4_max_dsp_1_U114/scharr_accel_fmul_32ns_32ns_32_4_max_dsp_1_ip_u/inst/i_synth/MULT.OP/i_non_prim.R_AND_R/LAT_OPT.FULL.R_AND_R/DSP48E1_SGL_EXP_IP.OLD_ADD.ADD/i_no_versal_es1_workaround.DSP output scharr_design_i/scharr_accel_0/inst/accumulateWeighted_0_2_2160_3840_1_2_2_2_U0/fmul_32ns_32ns_32_4_max_dsp_1_U114/scharr_accel_fmul_32ns_32ns_32_4_max_dsp_1_ip_u/inst/i_synth/MULT.OP/i_non_prim.R_AND_R/LAT_OPT.FULL.R_AND_R/DSP48E1_SGL_EXP_IP.OLD_ADD.ADD/i_no_versal_es1_workaround.DSP/P[47:0] is not pipelined (PREG=0). Pipelining the DSP48 output will improve performance and often saves power so it is suggested whenever possible to fully pipeline this function.  If this DSP48 function was inferred, it is suggested to describe an additional register stage after this function.  If the DSP48 was instantiated in the design, it is suggested to set the PREG attribute to 1.
Related violations: <none>

DPOP-2#1 Warning
MREG Output pipelining  
DSP scharr_design_i/scharr_accel_0/inst/accumulateWeighted_0_2_2160_3840_1_2_2_2_U0/fmul_32ns_32ns_32_4_max_dsp_1_U114/scharr_accel_fmul_32ns_32ns_32_4_max_dsp_1_ip_u/inst/i_synth/MULT.OP/i_non_prim.MULT/DSP48E1_SPD_SGL_VARIANT.FIX_MULT/DSP1/i_no_versal_es1_workaround.DSP multiplier stage scharr_design_i/scharr_accel_0/inst/accumulateWeighted_0_2_2160_3840_1_2_2_2_U0/fmul_32ns_32ns_32_4_max_dsp_1_U114/scharr_accel_fmul_32ns_32ns_32_4_max_dsp_1_ip_u/inst/i_synth/MULT.OP/i_non_prim.MULT/DSP48E1_SPD_SGL_VARIANT.FIX_MULT/DSP1/i_no_versal_es1_workaround.DSP/PATTERNDETECT is not pipelined (MREG=0). Pipelining the multiplier function will improve performance and will save significant power so it is suggested whenever possible to fully pipeline this function.  If this multiplier was inferred, it is suggested to describe an additional register stage after this function.  If there is no registered adder/accumulator following the multiply function, two pipeline stages are suggested to allow both the MREG and PREG registers to be used.  If the DSP48 was instantiated in the design, it is suggested to set both the MREG and PREG attributes to 1 when performing multiply functions.
Related violations: <none>

DPOP-2#2 Warning
MREG Output pipelining  
DSP scharr_design_i/scharr_accel_0/inst/accumulateWeighted_0_2_2160_3840_1_2_2_2_U0/grp_accumulateWeighted_0_2_2160_3840_1_2_2_2_Pipeline_ColLoop_fu_110/mul_ln78_reg_194_reg multiplier stage scharr_design_i/scharr_accel_0/inst/accumulateWeighted_0_2_2160_3840_1_2_2_2_U0/grp_accumulateWeighted_0_2_2160_3840_1_2_2_2_Pipeline_ColLoop_fu_110/mul_ln78_reg_194_reg/P[47:0] is not pipelined (MREG=0). Pipelining the multiplier function will improve performance and will save significant power so it is suggested whenever possible to fully pipeline this function.  If this multiplier was inferred, it is suggested to describe an additional register stage after this function.  If there is no registered adder/accumulator following the multiply function, two pipeline stages are suggested to allow both the MREG and PREG registers to be used.  If the DSP48 was instantiated in the design, it is suggested to set both the MREG and PREG attributes to 1 when performing multiply functions.
Related violations: <none>

AVAL-4#1 Advisory
enum_USE_DPORT_FALSE_enum_DREG_ADREG_0_connects_CED_CEAD_RSTD_GND  
scharr_design_i/scharr_accel_0/inst/accumulateWeighted_0_2_2160_3840_1_2_2_2_U0/fmul_32ns_32ns_32_4_max_dsp_1_U114/scharr_accel_fmul_32ns_32ns_32_4_max_dsp_1_ip_u/inst/i_synth/MULT.OP/i_non_prim.MULT/DSP48E1_SPD_SGL_VARIANT.FIX_MULT/DSP1/i_no_versal_es1_workaround.DSP: DSP48E1 is not using the D port (USE_DPORT = FALSE). For improved power characteristics, set DREG and ADREG to '1', tie CED, CEAD, and RSTD to logic '0'.
Related violations: <none>

AVAL-4#2 Advisory
enum_USE_DPORT_FALSE_enum_DREG_ADREG_0_connects_CED_CEAD_RSTD_GND  
scharr_design_i/scharr_accel_0/inst/accumulateWeighted_0_2_2160_3840_1_2_2_2_U0/fmul_32ns_32ns_32_4_max_dsp_1_U114/scharr_accel_fmul_32ns_32ns_32_4_max_dsp_1_ip_u/inst/i_synth/MULT.OP/i_non_prim.MULT/DSP48E1_SPD_SGL_VARIANT.FIX_MULT/DSP2/i_no_versal_es1_workaround.DSP: DSP48E1 is not using the D port (USE_DPORT = FALSE). For improved power characteristics, set DREG and ADREG to '1', tie CED, CEAD, and RSTD to logic '0'.
Related violations: <none>

AVAL-4#3 Advisory
enum_USE_DPORT_FALSE_enum_DREG_ADREG_0_connects_CED_CEAD_RSTD_GND  
scharr_design_i/scharr_accel_0/inst/accumulateWeighted_0_2_2160_3840_1_2_2_2_U0/fmul_32ns_32ns_32_4_max_dsp_1_U114/scharr_accel_fmul_32ns_32ns_32_4_max_dsp_1_ip_u/inst/i_synth/MULT.OP/i_non_prim.R_AND_R/LAT_OPT.FULL.R_AND_R/DSP48E1_SGL_EXP_IP.OLD_ADD.ADD/i_no_versal_es1_workaround.DSP: DSP48E1 is not using the D port (USE_DPORT = FALSE). For improved power characteristics, set DREG and ADREG to '1', tie CED, CEAD, and RSTD to logic '0'.
Related violations: <none>

AVAL-5#1 Advisory
enum_USE_MULT_NONE_enum_DREG_ADREG_0_connects_CED_CEAD_RSTD_GND  
scharr_design_i/scharr_accel_0/inst/accumulateWeighted_0_2_2160_3840_1_2_2_2_U0/fmul_32ns_32ns_32_4_max_dsp_1_U114/scharr_accel_fmul_32ns_32ns_32_4_max_dsp_1_ip_u/inst/i_synth/MULT.OP/i_non_prim.R_AND_R/LAT_OPT.FULL.R_AND_R/DSP48E1_SGL_EXP_IP.OLD_ADD.ADD/i_no_versal_es1_workaround.DSP: DSP48E1 is not using the Multiplier (USE_MULT = NONE). For improved power characteristics, set DREG and ADREG to '1', tie CED, CEAD, and RSTD to logic '0'.
Related violations: <none>


