Copyright 1986-2022 Xilinx, Inc. All Rights Reserved. Copyright 2022-2023 Advanced Micro Devices, Inc. All Rights Reserved.
---------------------------------------------------------------------------------------------------------------------------------------------
| Tool Version : Vivado v.2023.1 (win64) Build 3865809 Sun May  7 15:05:29 MDT 2023
| Date         : Tue Oct 17 21:36:35 2023
| Host         : Kamal-PC running 64-bit major release  (build 9200)
| Command      : upgrade_ip
| Device       : xc7z020clg400-1
---------------------------------------------------------------------------------------------------------------------------------------------

Upgrade Log for IP 'fastcorner_design_fast_accel_0_0'

1. Summary
----------

SUCCESS in the upgrade of fastcorner_design_fast_accel_0_0 (xilinx.com:hls:fast_accel:1.0) from (Rev. 2113255392) to (Rev. 2113255415)






Copyright 1986-2022 Xilinx, Inc. All Rights Reserved. Copyright 2022-2023 Advanced Micro Devices, Inc. All Rights Reserved.
---------------------------------------------------------------------------------------------------------------------------------------------
| Tool Version : Vivado v.2023.1 (win64) Build 3865809 Sun May  7 15:05:29 MDT 2023
| Date         : Tue Oct 17 21:13:28 2023
| Host         : Kamal-PC running 64-bit major release  (build 9200)
| Command      : upgrade_ip
| Device       : xc7z020clg400-1
---------------------------------------------------------------------------------------------------------------------------------------------

Upgrade Log for IP 'fastcorner_design_fast_accel_0_0'

1. Summary
----------

SUCCESS in the upgrade of fastcorner_design_fast_accel_0_0 (xilinx.com:hls:fast_accel:1.0) from (Rev. 2113255332) to (Rev. 2113255392)

