
*** Running vivado
    with args -log rgb2gray_design_cvtcolor_rgb2gray_0_0.vds -m64 -product Vivado -mode batch -messageDb vivado.pb -notrace -source rgb2gray_design_cvtcolor_rgb2gray_0_0.tcl



****** Vivado v2023.1 (64-bit)
  **** SW Build 3865809 on Sun May  7 15:05:29 MDT 2023
  **** IP Build 3864474 on Sun May  7 20:36:21 MDT 2023
  **** SharedData Build 3865790 on Sun May 07 13:33:03 MDT 2023
    ** Copyright 1986-2022 Xilinx, Inc. All Rights Reserved.
    ** Copyright 2022-2023 Advanced Micro Devices, Inc. All Rights Reserved.

source rgb2gray_design_cvtcolor_rgb2gray_0_0.tcl -notrace
create_project: Time (s): cpu = 00:00:12 ; elapsed = 00:00:14 . Memory (MB): peak = 1459.902 ; gain = 159.629
INFO: [IP_Flow 19-234] Refreshing IP repositories
INFO: [IP_Flow 19-1700] Loaded user IP repository 'c:/Xilinx/workspaceHLS/rgb2gray'.
INFO: [IP_Flow 19-2313] Loaded Vivado IP repository 'C:/Xilinx/Vivado/2023.1/data/ip'.
INFO: [IP_Flow 19-6924] IPCACHE: Running cache check for IP inst: rgb2gray_design_cvtcolor_rgb2gray_0_0
Command: synth_design -top rgb2gray_design_cvtcolor_rgb2gray_0_0 -part xc7z020clg400-1 -incremental_mode off -mode out_of_context
Starting synth_design
Attempting to get a license for feature 'Synthesis' and/or device 'xc7z020'
INFO: [Common 17-349] Got license for feature 'Synthesis' and/or device 'xc7z020'
INFO: [Device 21-403] Loading part xc7z020clg400-1
INFO: [Synth 8-7079] Multithreading enabled for synth_design using a maximum of 2 processes.
INFO: [Synth 8-7078] Launching helper process for spawning children vivado processes
INFO: [Synth 8-7075] Helper process launched with PID 32416
---------------------------------------------------------------------------------
Starting RTL Elaboration : Time (s): cpu = 00:00:12 ; elapsed = 00:00:23 . Memory (MB): peak = 2311.531 ; gain = 407.582
---------------------------------------------------------------------------------
INFO: [Synth 8-6157] synthesizing module 'rgb2gray_design_cvtcolor_rgb2gray_0_0' [c:/Xilinx/workspace/rgb2gray/rgb2gray.gen/sources_1/bd/rgb2gray_design/ip/rgb2gray_design_cvtcolor_rgb2gray_0_0/synth/rgb2gray_design_cvtcolor_rgb2gray_0_0.v:53]
INFO: [Synth 8-6157] synthesizing module 'cvtcolor_rgb2gray' [c:/Xilinx/workspace/rgb2gray/rgb2gray.gen/sources_1/bd/rgb2gray_design/ipshared/6902/hdl/verilog/cvtcolor_rgb2gray.v:9]
INFO: [Synth 8-6157] synthesizing module 'cvtcolor_rgb2gray_control_s_axi' [c:/Xilinx/workspace/rgb2gray/rgb2gray.gen/sources_1/bd/rgb2gray_design/ipshared/6902/hdl/verilog/cvtcolor_rgb2gray_control_s_axi.v:9]
INFO: [Synth 8-155] case statement is not full and has no default [c:/Xilinx/workspace/rgb2gray/rgb2gray.gen/sources_1/bd/rgb2gray_design/ipshared/6902/hdl/verilog/cvtcolor_rgb2gray_control_s_axi.v:195]
INFO: [Synth 8-6155] done synthesizing module 'cvtcolor_rgb2gray_control_s_axi' (0#1) [c:/Xilinx/workspace/rgb2gray/rgb2gray.gen/sources_1/bd/rgb2gray_design/ipshared/6902/hdl/verilog/cvtcolor_rgb2gray_control_s_axi.v:9]
INFO: [Synth 8-6157] synthesizing module 'cvtcolor_rgb2gray_axis2xfMat_24_16_2160_3840_1_s' [c:/Xilinx/workspace/rgb2gray/rgb2gray.gen/sources_1/bd/rgb2gray_design/ipshared/6902/hdl/verilog/cvtcolor_rgb2gray_axis2xfMat_24_16_2160_3840_1_s.v:9]
INFO: [Synth 8-6157] synthesizing module 'cvtcolor_rgb2gray_axis2xfMat_24_16_2160_3840_1_Pipeline_loop_col_zxi2mat' [c:/Xilinx/workspace/rgb2gray/rgb2gray.gen/sources_1/bd/rgb2gray_design/ipshared/6902/hdl/verilog/cvtcolor_rgb2gray_axis2xfMat_24_16_2160_3840_1_Pipeline_loop_col_zxi2mat.v:9]
INFO: [Synth 8-6157] synthesizing module 'cvtcolor_rgb2gray_flow_control_loop_pipe_sequential_init' [c:/Xilinx/workspace/rgb2gray/rgb2gray.gen/sources_1/bd/rgb2gray_design/ipshared/6902/hdl/verilog/cvtcolor_rgb2gray_flow_control_loop_pipe_sequential_init.v:11]
INFO: [Synth 8-6155] done synthesizing module 'cvtcolor_rgb2gray_flow_control_loop_pipe_sequential_init' (0#1) [c:/Xilinx/workspace/rgb2gray/rgb2gray.gen/sources_1/bd/rgb2gray_design/ipshared/6902/hdl/verilog/cvtcolor_rgb2gray_flow_control_loop_pipe_sequential_init.v:11]
INFO: [Synth 8-6155] done synthesizing module 'cvtcolor_rgb2gray_axis2xfMat_24_16_2160_3840_1_Pipeline_loop_col_zxi2mat' (0#1) [c:/Xilinx/workspace/rgb2gray/rgb2gray.gen/sources_1/bd/rgb2gray_design/ipshared/6902/hdl/verilog/cvtcolor_rgb2gray_axis2xfMat_24_16_2160_3840_1_Pipeline_loop_col_zxi2mat.v:9]
INFO: [Synth 8-6157] synthesizing module 'cvtcolor_rgb2gray_regslice_both' [c:/Xilinx/workspace/rgb2gray/rgb2gray.gen/sources_1/bd/rgb2gray_design/ipshared/6902/hdl/verilog/cvtcolor_rgb2gray_regslice_both.v:11]
INFO: [Synth 8-6155] done synthesizing module 'cvtcolor_rgb2gray_regslice_both' (0#1) [c:/Xilinx/workspace/rgb2gray/rgb2gray.gen/sources_1/bd/rgb2gray_design/ipshared/6902/hdl/verilog/cvtcolor_rgb2gray_regslice_both.v:11]
INFO: [Synth 8-6157] synthesizing module 'cvtcolor_rgb2gray_regslice_both__parameterized0' [c:/Xilinx/workspace/rgb2gray/rgb2gray.gen/sources_1/bd/rgb2gray_design/ipshared/6902/hdl/verilog/cvtcolor_rgb2gray_regslice_both.v:11]
INFO: [Synth 8-6155] done synthesizing module 'cvtcolor_rgb2gray_regslice_both__parameterized0' (0#1) [c:/Xilinx/workspace/rgb2gray/rgb2gray.gen/sources_1/bd/rgb2gray_design/ipshared/6902/hdl/verilog/cvtcolor_rgb2gray_regslice_both.v:11]
INFO: [Synth 8-6157] synthesizing module 'cvtcolor_rgb2gray_regslice_both__parameterized1' [c:/Xilinx/workspace/rgb2gray/rgb2gray.gen/sources_1/bd/rgb2gray_design/ipshared/6902/hdl/verilog/cvtcolor_rgb2gray_regslice_both.v:11]
INFO: [Synth 8-6155] done synthesizing module 'cvtcolor_rgb2gray_regslice_both__parameterized1' (0#1) [c:/Xilinx/workspace/rgb2gray/rgb2gray.gen/sources_1/bd/rgb2gray_design/ipshared/6902/hdl/verilog/cvtcolor_rgb2gray_regslice_both.v:11]
INFO: [Synth 8-6155] done synthesizing module 'cvtcolor_rgb2gray_axis2xfMat_24_16_2160_3840_1_s' (0#1) [c:/Xilinx/workspace/rgb2gray/rgb2gray.gen/sources_1/bd/rgb2gray_design/ipshared/6902/hdl/verilog/cvtcolor_rgb2gray_axis2xfMat_24_16_2160_3840_1_s.v:9]
INFO: [Synth 8-6157] synthesizing module 'cvtcolor_rgb2gray_rgb2gray_16_0_2160_3840_1_2_2_s' [c:/Xilinx/workspace/rgb2gray/rgb2gray.gen/sources_1/bd/rgb2gray_design/ipshared/6902/hdl/verilog/cvtcolor_rgb2gray_rgb2gray_16_0_2160_3840_1_2_2_s.v:9]
INFO: [Synth 8-6157] synthesizing module 'cvtcolor_rgb2gray_rgb2gray_16_0_2160_3840_1_2_2_Pipeline_columnloop' [c:/Xilinx/workspace/rgb2gray/rgb2gray.gen/sources_1/bd/rgb2gray_design/ipshared/6902/hdl/verilog/cvtcolor_rgb2gray_rgb2gray_16_0_2160_3840_1_2_2_Pipeline_columnloop.v:9]
INFO: [Synth 8-6157] synthesizing module 'cvtcolor_rgb2gray_mul_8ns_15ns_22_1_1' [c:/Xilinx/workspace/rgb2gray/rgb2gray.gen/sources_1/bd/rgb2gray_design/ipshared/6902/hdl/verilog/cvtcolor_rgb2gray_mul_8ns_15ns_22_1_1.v:5]
INFO: [Synth 8-6155] done synthesizing module 'cvtcolor_rgb2gray_mul_8ns_15ns_22_1_1' (0#1) [c:/Xilinx/workspace/rgb2gray/rgb2gray.gen/sources_1/bd/rgb2gray_design/ipshared/6902/hdl/verilog/cvtcolor_rgb2gray_mul_8ns_15ns_22_1_1.v:5]
INFO: [Synth 8-6157] synthesizing module 'cvtcolor_rgb2gray_mac_muladd_8ns_12ns_22ns_22_4_1' [c:/Xilinx/workspace/rgb2gray/rgb2gray.gen/sources_1/bd/rgb2gray_design/ipshared/6902/hdl/verilog/cvtcolor_rgb2gray_mac_muladd_8ns_12ns_22ns_22_4_1.v:49]
INFO: [Synth 8-6157] synthesizing module 'cvtcolor_rgb2gray_mac_muladd_8ns_12ns_22ns_22_4_1_DSP48_0' [c:/Xilinx/workspace/rgb2gray/rgb2gray.gen/sources_1/bd/rgb2gray_design/ipshared/6902/hdl/verilog/cvtcolor_rgb2gray_mac_muladd_8ns_12ns_22ns_22_4_1.v:10]
INFO: [Synth 8-6155] done synthesizing module 'cvtcolor_rgb2gray_mac_muladd_8ns_12ns_22ns_22_4_1_DSP48_0' (0#1) [c:/Xilinx/workspace/rgb2gray/rgb2gray.gen/sources_1/bd/rgb2gray_design/ipshared/6902/hdl/verilog/cvtcolor_rgb2gray_mac_muladd_8ns_12ns_22ns_22_4_1.v:10]
INFO: [Synth 8-6155] done synthesizing module 'cvtcolor_rgb2gray_mac_muladd_8ns_12ns_22ns_22_4_1' (0#1) [c:/Xilinx/workspace/rgb2gray/rgb2gray.gen/sources_1/bd/rgb2gray_design/ipshared/6902/hdl/verilog/cvtcolor_rgb2gray_mac_muladd_8ns_12ns_22ns_22_4_1.v:49]
INFO: [Synth 8-6157] synthesizing module 'cvtcolor_rgb2gray_mac_muladd_8ns_15ns_22ns_23_4_1' [c:/Xilinx/workspace/rgb2gray/rgb2gray.gen/sources_1/bd/rgb2gray_design/ipshared/6902/hdl/verilog/cvtcolor_rgb2gray_mac_muladd_8ns_15ns_22ns_23_4_1.v:49]
INFO: [Synth 8-6157] synthesizing module 'cvtcolor_rgb2gray_mac_muladd_8ns_15ns_22ns_23_4_1_DSP48_1' [c:/Xilinx/workspace/rgb2gray/rgb2gray.gen/sources_1/bd/rgb2gray_design/ipshared/6902/hdl/verilog/cvtcolor_rgb2gray_mac_muladd_8ns_15ns_22ns_23_4_1.v:10]
INFO: [Synth 8-6155] done synthesizing module 'cvtcolor_rgb2gray_mac_muladd_8ns_15ns_22ns_23_4_1_DSP48_1' (0#1) [c:/Xilinx/workspace/rgb2gray/rgb2gray.gen/sources_1/bd/rgb2gray_design/ipshared/6902/hdl/verilog/cvtcolor_rgb2gray_mac_muladd_8ns_15ns_22ns_23_4_1.v:10]
INFO: [Synth 8-6155] done synthesizing module 'cvtcolor_rgb2gray_mac_muladd_8ns_15ns_22ns_23_4_1' (0#1) [c:/Xilinx/workspace/rgb2gray/rgb2gray.gen/sources_1/bd/rgb2gray_design/ipshared/6902/hdl/verilog/cvtcolor_rgb2gray_mac_muladd_8ns_15ns_22ns_23_4_1.v:49]
INFO: [Synth 8-6155] done synthesizing module 'cvtcolor_rgb2gray_rgb2gray_16_0_2160_3840_1_2_2_Pipeline_columnloop' (0#1) [c:/Xilinx/workspace/rgb2gray/rgb2gray.gen/sources_1/bd/rgb2gray_design/ipshared/6902/hdl/verilog/cvtcolor_rgb2gray_rgb2gray_16_0_2160_3840_1_2_2_Pipeline_columnloop.v:9]
INFO: [Synth 8-6155] done synthesizing module 'cvtcolor_rgb2gray_rgb2gray_16_0_2160_3840_1_2_2_s' (0#1) [c:/Xilinx/workspace/rgb2gray/rgb2gray.gen/sources_1/bd/rgb2gray_design/ipshared/6902/hdl/verilog/cvtcolor_rgb2gray_rgb2gray_16_0_2160_3840_1_2_2_s.v:9]
INFO: [Synth 8-6157] synthesizing module 'cvtcolor_rgb2gray_xfMat2axis_8_0_2160_3840_1_s' [c:/Xilinx/workspace/rgb2gray/rgb2gray.gen/sources_1/bd/rgb2gray_design/ipshared/6902/hdl/verilog/cvtcolor_rgb2gray_xfMat2axis_8_0_2160_3840_1_s.v:9]
INFO: [Synth 8-6157] synthesizing module 'cvtcolor_rgb2gray_xfMat2axis_8_0_2160_3840_1_Pipeline_loop_col_mat2axi' [c:/Xilinx/workspace/rgb2gray/rgb2gray.gen/sources_1/bd/rgb2gray_design/ipshared/6902/hdl/verilog/cvtcolor_rgb2gray_xfMat2axis_8_0_2160_3840_1_Pipeline_loop_col_mat2axi.v:9]
INFO: [Synth 8-6155] done synthesizing module 'cvtcolor_rgb2gray_xfMat2axis_8_0_2160_3840_1_Pipeline_loop_col_mat2axi' (0#1) [c:/Xilinx/workspace/rgb2gray/rgb2gray.gen/sources_1/bd/rgb2gray_design/ipshared/6902/hdl/verilog/cvtcolor_rgb2gray_xfMat2axis_8_0_2160_3840_1_Pipeline_loop_col_mat2axi.v:9]
INFO: [Synth 8-6157] synthesizing module 'cvtcolor_rgb2gray_regslice_both__parameterized2' [c:/Xilinx/workspace/rgb2gray/rgb2gray.gen/sources_1/bd/rgb2gray_design/ipshared/6902/hdl/verilog/cvtcolor_rgb2gray_regslice_both.v:11]
INFO: [Synth 8-6155] done synthesizing module 'cvtcolor_rgb2gray_regslice_both__parameterized2' (0#1) [c:/Xilinx/workspace/rgb2gray/rgb2gray.gen/sources_1/bd/rgb2gray_design/ipshared/6902/hdl/verilog/cvtcolor_rgb2gray_regslice_both.v:11]
INFO: [Synth 8-6155] done synthesizing module 'cvtcolor_rgb2gray_xfMat2axis_8_0_2160_3840_1_s' (0#1) [c:/Xilinx/workspace/rgb2gray/rgb2gray.gen/sources_1/bd/rgb2gray_design/ipshared/6902/hdl/verilog/cvtcolor_rgb2gray_xfMat2axis_8_0_2160_3840_1_s.v:9]
INFO: [Synth 8-6157] synthesizing module 'cvtcolor_rgb2gray_fifo_w24_d2_S' [c:/Xilinx/workspace/rgb2gray/rgb2gray.gen/sources_1/bd/rgb2gray_design/ipshared/6902/hdl/verilog/cvtcolor_rgb2gray_fifo_w24_d2_S.v:11]
INFO: [Synth 8-6157] synthesizing module 'cvtcolor_rgb2gray_fifo_w24_d2_S_ShiftReg' [c:/Xilinx/workspace/rgb2gray/rgb2gray.gen/sources_1/bd/rgb2gray_design/ipshared/6902/hdl/verilog/cvtcolor_rgb2gray_fifo_w24_d2_S.v:120]
INFO: [Synth 8-6155] done synthesizing module 'cvtcolor_rgb2gray_fifo_w24_d2_S_ShiftReg' (0#1) [c:/Xilinx/workspace/rgb2gray/rgb2gray.gen/sources_1/bd/rgb2gray_design/ipshared/6902/hdl/verilog/cvtcolor_rgb2gray_fifo_w24_d2_S.v:120]
INFO: [Synth 8-6155] done synthesizing module 'cvtcolor_rgb2gray_fifo_w24_d2_S' (0#1) [c:/Xilinx/workspace/rgb2gray/rgb2gray.gen/sources_1/bd/rgb2gray_design/ipshared/6902/hdl/verilog/cvtcolor_rgb2gray_fifo_w24_d2_S.v:11]
INFO: [Synth 8-6157] synthesizing module 'cvtcolor_rgb2gray_fifo_w12_d2_S' [c:/Xilinx/workspace/rgb2gray/rgb2gray.gen/sources_1/bd/rgb2gray_design/ipshared/6902/hdl/verilog/cvtcolor_rgb2gray_fifo_w12_d2_S.v:11]
INFO: [Synth 8-6157] synthesizing module 'cvtcolor_rgb2gray_fifo_w12_d2_S_ShiftReg' [c:/Xilinx/workspace/rgb2gray/rgb2gray.gen/sources_1/bd/rgb2gray_design/ipshared/6902/hdl/verilog/cvtcolor_rgb2gray_fifo_w12_d2_S.v:120]
INFO: [Synth 8-6155] done synthesizing module 'cvtcolor_rgb2gray_fifo_w12_d2_S_ShiftReg' (0#1) [c:/Xilinx/workspace/rgb2gray/rgb2gray.gen/sources_1/bd/rgb2gray_design/ipshared/6902/hdl/verilog/cvtcolor_rgb2gray_fifo_w12_d2_S.v:120]
INFO: [Synth 8-6155] done synthesizing module 'cvtcolor_rgb2gray_fifo_w12_d2_S' (0#1) [c:/Xilinx/workspace/rgb2gray/rgb2gray.gen/sources_1/bd/rgb2gray_design/ipshared/6902/hdl/verilog/cvtcolor_rgb2gray_fifo_w12_d2_S.v:11]
INFO: [Synth 8-6157] synthesizing module 'cvtcolor_rgb2gray_fifo_w9_d2_S' [c:/Xilinx/workspace/rgb2gray/rgb2gray.gen/sources_1/bd/rgb2gray_design/ipshared/6902/hdl/verilog/cvtcolor_rgb2gray_fifo_w9_d2_S.v:11]
INFO: [Synth 8-6157] synthesizing module 'cvtcolor_rgb2gray_fifo_w9_d2_S_ShiftReg' [c:/Xilinx/workspace/rgb2gray/rgb2gray.gen/sources_1/bd/rgb2gray_design/ipshared/6902/hdl/verilog/cvtcolor_rgb2gray_fifo_w9_d2_S.v:120]
INFO: [Synth 8-6155] done synthesizing module 'cvtcolor_rgb2gray_fifo_w9_d2_S_ShiftReg' (0#1) [c:/Xilinx/workspace/rgb2gray/rgb2gray.gen/sources_1/bd/rgb2gray_design/ipshared/6902/hdl/verilog/cvtcolor_rgb2gray_fifo_w9_d2_S.v:120]
INFO: [Synth 8-6155] done synthesizing module 'cvtcolor_rgb2gray_fifo_w9_d2_S' (0#1) [c:/Xilinx/workspace/rgb2gray/rgb2gray.gen/sources_1/bd/rgb2gray_design/ipshared/6902/hdl/verilog/cvtcolor_rgb2gray_fifo_w9_d2_S.v:11]
INFO: [Synth 8-6157] synthesizing module 'cvtcolor_rgb2gray_fifo_w8_d2_S' [c:/Xilinx/workspace/rgb2gray/rgb2gray.gen/sources_1/bd/rgb2gray_design/ipshared/6902/hdl/verilog/cvtcolor_rgb2gray_fifo_w8_d2_S.v:11]
INFO: [Synth 8-6157] synthesizing module 'cvtcolor_rgb2gray_fifo_w8_d2_S_ShiftReg' [c:/Xilinx/workspace/rgb2gray/rgb2gray.gen/sources_1/bd/rgb2gray_design/ipshared/6902/hdl/verilog/cvtcolor_rgb2gray_fifo_w8_d2_S.v:120]
INFO: [Synth 8-6155] done synthesizing module 'cvtcolor_rgb2gray_fifo_w8_d2_S_ShiftReg' (0#1) [c:/Xilinx/workspace/rgb2gray/rgb2gray.gen/sources_1/bd/rgb2gray_design/ipshared/6902/hdl/verilog/cvtcolor_rgb2gray_fifo_w8_d2_S.v:120]
INFO: [Synth 8-6155] done synthesizing module 'cvtcolor_rgb2gray_fifo_w8_d2_S' (0#1) [c:/Xilinx/workspace/rgb2gray/rgb2gray.gen/sources_1/bd/rgb2gray_design/ipshared/6902/hdl/verilog/cvtcolor_rgb2gray_fifo_w8_d2_S.v:11]
INFO: [Synth 8-6157] synthesizing module 'cvtcolor_rgb2gray_start_for_rgb2gray_16_0_2160_3840_1_2_2_U0' [c:/Xilinx/workspace/rgb2gray/rgb2gray.gen/sources_1/bd/rgb2gray_design/ipshared/6902/hdl/verilog/cvtcolor_rgb2gray_start_for_rgb2gray_16_0_2160_3840_1_2_2_U0.v:11]
INFO: [Synth 8-6157] synthesizing module 'cvtcolor_rgb2gray_start_for_rgb2gray_16_0_2160_3840_1_2_2_U0_ShiftReg' [c:/Xilinx/workspace/rgb2gray/rgb2gray.gen/sources_1/bd/rgb2gray_design/ipshared/6902/hdl/verilog/cvtcolor_rgb2gray_start_for_rgb2gray_16_0_2160_3840_1_2_2_U0.v:116]
INFO: [Synth 8-6155] done synthesizing module 'cvtcolor_rgb2gray_start_for_rgb2gray_16_0_2160_3840_1_2_2_U0_ShiftReg' (0#1) [c:/Xilinx/workspace/rgb2gray/rgb2gray.gen/sources_1/bd/rgb2gray_design/ipshared/6902/hdl/verilog/cvtcolor_rgb2gray_start_for_rgb2gray_16_0_2160_3840_1_2_2_U0.v:116]
INFO: [Synth 8-6155] done synthesizing module 'cvtcolor_rgb2gray_start_for_rgb2gray_16_0_2160_3840_1_2_2_U0' (0#1) [c:/Xilinx/workspace/rgb2gray/rgb2gray.gen/sources_1/bd/rgb2gray_design/ipshared/6902/hdl/verilog/cvtcolor_rgb2gray_start_for_rgb2gray_16_0_2160_3840_1_2_2_U0.v:11]
INFO: [Synth 8-6157] synthesizing module 'cvtcolor_rgb2gray_start_for_xfMat2axis_8_0_2160_3840_1_U0' [c:/Xilinx/workspace/rgb2gray/rgb2gray.gen/sources_1/bd/rgb2gray_design/ipshared/6902/hdl/verilog/cvtcolor_rgb2gray_start_for_xfMat2axis_8_0_2160_3840_1_U0.v:11]
INFO: [Synth 8-6157] synthesizing module 'cvtcolor_rgb2gray_start_for_xfMat2axis_8_0_2160_3840_1_U0_ShiftReg' [c:/Xilinx/workspace/rgb2gray/rgb2gray.gen/sources_1/bd/rgb2gray_design/ipshared/6902/hdl/verilog/cvtcolor_rgb2gray_start_for_xfMat2axis_8_0_2160_3840_1_U0.v:116]
INFO: [Synth 8-6155] done synthesizing module 'cvtcolor_rgb2gray_start_for_xfMat2axis_8_0_2160_3840_1_U0_ShiftReg' (0#1) [c:/Xilinx/workspace/rgb2gray/rgb2gray.gen/sources_1/bd/rgb2gray_design/ipshared/6902/hdl/verilog/cvtcolor_rgb2gray_start_for_xfMat2axis_8_0_2160_3840_1_U0.v:116]
INFO: [Synth 8-6155] done synthesizing module 'cvtcolor_rgb2gray_start_for_xfMat2axis_8_0_2160_3840_1_U0' (0#1) [c:/Xilinx/workspace/rgb2gray/rgb2gray.gen/sources_1/bd/rgb2gray_design/ipshared/6902/hdl/verilog/cvtcolor_rgb2gray_start_for_xfMat2axis_8_0_2160_3840_1_U0.v:11]
INFO: [Synth 8-6155] done synthesizing module 'cvtcolor_rgb2gray' (0#1) [c:/Xilinx/workspace/rgb2gray/rgb2gray.gen/sources_1/bd/rgb2gray_design/ipshared/6902/hdl/verilog/cvtcolor_rgb2gray.v:9]
INFO: [Synth 8-6155] done synthesizing module 'rgb2gray_design_cvtcolor_rgb2gray_0_0' (0#1) [c:/Xilinx/workspace/rgb2gray/rgb2gray.gen/sources_1/bd/rgb2gray_design/ip/rgb2gray_design_cvtcolor_rgb2gray_0_0/synth/rgb2gray_design_cvtcolor_rgb2gray_0_0.v:53]
WARNING: [Synth 8-6014] Unused sequential element int_ap_done_reg was removed.  [c:/Xilinx/workspace/rgb2gray/rgb2gray.gen/sources_1/bd/rgb2gray_design/ipshared/6902/hdl/verilog/cvtcolor_rgb2gray_control_s_axi.v:252]
WARNING: [Synth 8-7129] Port reset in module cvtcolor_rgb2gray_start_for_xfMat2axis_8_0_2160_3840_1_U0_ShiftReg is either unconnected or has no load
WARNING: [Synth 8-7129] Port reset in module cvtcolor_rgb2gray_start_for_rgb2gray_16_0_2160_3840_1_2_2_U0_ShiftReg is either unconnected or has no load
WARNING: [Synth 8-7129] Port reset in module cvtcolor_rgb2gray_fifo_w8_d2_S_ShiftReg is either unconnected or has no load
WARNING: [Synth 8-7129] Port reset in module cvtcolor_rgb2gray_fifo_w9_d2_S_ShiftReg is either unconnected or has no load
WARNING: [Synth 8-7129] Port reset in module cvtcolor_rgb2gray_fifo_w12_d2_S_ShiftReg is either unconnected or has no load
WARNING: [Synth 8-7129] Port reset in module cvtcolor_rgb2gray_fifo_w24_d2_S_ShiftReg is either unconnected or has no load
WARNING: [Synth 8-7129] Port p_imgOutput_data_num_data_valid[1] in module cvtcolor_rgb2gray_xfMat2axis_8_0_2160_3840_1_Pipeline_loop_col_mat2axi is either unconnected or has no load
WARNING: [Synth 8-7129] Port p_imgOutput_data_num_data_valid[0] in module cvtcolor_rgb2gray_xfMat2axis_8_0_2160_3840_1_Pipeline_loop_col_mat2axi is either unconnected or has no load
WARNING: [Synth 8-7129] Port p_imgOutput_data_fifo_cap[1] in module cvtcolor_rgb2gray_xfMat2axis_8_0_2160_3840_1_Pipeline_loop_col_mat2axi is either unconnected or has no load
WARNING: [Synth 8-7129] Port p_imgOutput_data_fifo_cap[0] in module cvtcolor_rgb2gray_xfMat2axis_8_0_2160_3840_1_Pipeline_loop_col_mat2axi is either unconnected or has no load
WARNING: [Synth 8-7129] Port p_imgOutput_data_num_data_valid[1] in module cvtcolor_rgb2gray_xfMat2axis_8_0_2160_3840_1_s is either unconnected or has no load
WARNING: [Synth 8-7129] Port p_imgOutput_data_num_data_valid[0] in module cvtcolor_rgb2gray_xfMat2axis_8_0_2160_3840_1_s is either unconnected or has no load
WARNING: [Synth 8-7129] Port p_imgOutput_data_fifo_cap[1] in module cvtcolor_rgb2gray_xfMat2axis_8_0_2160_3840_1_s is either unconnected or has no load
WARNING: [Synth 8-7129] Port p_imgOutput_data_fifo_cap[0] in module cvtcolor_rgb2gray_xfMat2axis_8_0_2160_3840_1_s is either unconnected or has no load
WARNING: [Synth 8-7129] Port rst in module cvtcolor_rgb2gray_mac_muladd_8ns_15ns_22ns_23_4_1_DSP48_1 is either unconnected or has no load
WARNING: [Synth 8-7129] Port rst in module cvtcolor_rgb2gray_mac_muladd_8ns_12ns_22ns_22_4_1_DSP48_0 is either unconnected or has no load
WARNING: [Synth 8-7129] Port p_imgInput_data_num_data_valid[1] in module cvtcolor_rgb2gray_rgb2gray_16_0_2160_3840_1_2_2_Pipeline_columnloop is either unconnected or has no load
WARNING: [Synth 8-7129] Port p_imgInput_data_num_data_valid[0] in module cvtcolor_rgb2gray_rgb2gray_16_0_2160_3840_1_2_2_Pipeline_columnloop is either unconnected or has no load
WARNING: [Synth 8-7129] Port p_imgInput_data_fifo_cap[1] in module cvtcolor_rgb2gray_rgb2gray_16_0_2160_3840_1_2_2_Pipeline_columnloop is either unconnected or has no load
WARNING: [Synth 8-7129] Port p_imgInput_data_fifo_cap[0] in module cvtcolor_rgb2gray_rgb2gray_16_0_2160_3840_1_2_2_Pipeline_columnloop is either unconnected or has no load
WARNING: [Synth 8-7129] Port p_imgOutput_data_num_data_valid[1] in module cvtcolor_rgb2gray_rgb2gray_16_0_2160_3840_1_2_2_Pipeline_columnloop is either unconnected or has no load
WARNING: [Synth 8-7129] Port p_imgOutput_data_num_data_valid[0] in module cvtcolor_rgb2gray_rgb2gray_16_0_2160_3840_1_2_2_Pipeline_columnloop is either unconnected or has no load
WARNING: [Synth 8-7129] Port p_imgOutput_data_fifo_cap[1] in module cvtcolor_rgb2gray_rgb2gray_16_0_2160_3840_1_2_2_Pipeline_columnloop is either unconnected or has no load
WARNING: [Synth 8-7129] Port p_imgOutput_data_fifo_cap[0] in module cvtcolor_rgb2gray_rgb2gray_16_0_2160_3840_1_2_2_Pipeline_columnloop is either unconnected or has no load
WARNING: [Synth 8-7129] Port p_src_rows_num_data_valid[1] in module cvtcolor_rgb2gray_rgb2gray_16_0_2160_3840_1_2_2_s is either unconnected or has no load
WARNING: [Synth 8-7129] Port p_src_rows_num_data_valid[0] in module cvtcolor_rgb2gray_rgb2gray_16_0_2160_3840_1_2_2_s is either unconnected or has no load
WARNING: [Synth 8-7129] Port p_src_rows_fifo_cap[1] in module cvtcolor_rgb2gray_rgb2gray_16_0_2160_3840_1_2_2_s is either unconnected or has no load
WARNING: [Synth 8-7129] Port p_src_rows_fifo_cap[0] in module cvtcolor_rgb2gray_rgb2gray_16_0_2160_3840_1_2_2_s is either unconnected or has no load
WARNING: [Synth 8-7129] Port p_src_cols_num_data_valid[1] in module cvtcolor_rgb2gray_rgb2gray_16_0_2160_3840_1_2_2_s is either unconnected or has no load
WARNING: [Synth 8-7129] Port p_src_cols_num_data_valid[0] in module cvtcolor_rgb2gray_rgb2gray_16_0_2160_3840_1_2_2_s is either unconnected or has no load
WARNING: [Synth 8-7129] Port p_src_cols_fifo_cap[1] in module cvtcolor_rgb2gray_rgb2gray_16_0_2160_3840_1_2_2_s is either unconnected or has no load
WARNING: [Synth 8-7129] Port p_src_cols_fifo_cap[0] in module cvtcolor_rgb2gray_rgb2gray_16_0_2160_3840_1_2_2_s is either unconnected or has no load
WARNING: [Synth 8-7129] Port p_imgInput_data_num_data_valid[1] in module cvtcolor_rgb2gray_rgb2gray_16_0_2160_3840_1_2_2_s is either unconnected or has no load
WARNING: [Synth 8-7129] Port p_imgInput_data_num_data_valid[0] in module cvtcolor_rgb2gray_rgb2gray_16_0_2160_3840_1_2_2_s is either unconnected or has no load
WARNING: [Synth 8-7129] Port p_imgInput_data_fifo_cap[1] in module cvtcolor_rgb2gray_rgb2gray_16_0_2160_3840_1_2_2_s is either unconnected or has no load
WARNING: [Synth 8-7129] Port p_imgInput_data_fifo_cap[0] in module cvtcolor_rgb2gray_rgb2gray_16_0_2160_3840_1_2_2_s is either unconnected or has no load
WARNING: [Synth 8-7129] Port p_imgOutput_data_num_data_valid[1] in module cvtcolor_rgb2gray_rgb2gray_16_0_2160_3840_1_2_2_s is either unconnected or has no load
WARNING: [Synth 8-7129] Port p_imgOutput_data_num_data_valid[0] in module cvtcolor_rgb2gray_rgb2gray_16_0_2160_3840_1_2_2_s is either unconnected or has no load
WARNING: [Synth 8-7129] Port p_imgOutput_data_fifo_cap[1] in module cvtcolor_rgb2gray_rgb2gray_16_0_2160_3840_1_2_2_s is either unconnected or has no load
WARNING: [Synth 8-7129] Port p_imgOutput_data_fifo_cap[0] in module cvtcolor_rgb2gray_rgb2gray_16_0_2160_3840_1_2_2_s is either unconnected or has no load
WARNING: [Synth 8-7129] Port p_imgInput_data_num_data_valid[1] in module cvtcolor_rgb2gray_axis2xfMat_24_16_2160_3840_1_Pipeline_loop_col_zxi2mat is either unconnected or has no load
WARNING: [Synth 8-7129] Port p_imgInput_data_num_data_valid[0] in module cvtcolor_rgb2gray_axis2xfMat_24_16_2160_3840_1_Pipeline_loop_col_zxi2mat is either unconnected or has no load
WARNING: [Synth 8-7129] Port p_imgInput_data_fifo_cap[1] in module cvtcolor_rgb2gray_axis2xfMat_24_16_2160_3840_1_Pipeline_loop_col_zxi2mat is either unconnected or has no load
WARNING: [Synth 8-7129] Port p_imgInput_data_fifo_cap[0] in module cvtcolor_rgb2gray_axis2xfMat_24_16_2160_3840_1_Pipeline_loop_col_zxi2mat is either unconnected or has no load
WARNING: [Synth 8-7129] Port imgInput_TKEEP[2] in module cvtcolor_rgb2gray_axis2xfMat_24_16_2160_3840_1_Pipeline_loop_col_zxi2mat is either unconnected or has no load
WARNING: [Synth 8-7129] Port imgInput_TKEEP[1] in module cvtcolor_rgb2gray_axis2xfMat_24_16_2160_3840_1_Pipeline_loop_col_zxi2mat is either unconnected or has no load
WARNING: [Synth 8-7129] Port imgInput_TKEEP[0] in module cvtcolor_rgb2gray_axis2xfMat_24_16_2160_3840_1_Pipeline_loop_col_zxi2mat is either unconnected or has no load
WARNING: [Synth 8-7129] Port imgInput_TSTRB[2] in module cvtcolor_rgb2gray_axis2xfMat_24_16_2160_3840_1_Pipeline_loop_col_zxi2mat is either unconnected or has no load
WARNING: [Synth 8-7129] Port imgInput_TSTRB[1] in module cvtcolor_rgb2gray_axis2xfMat_24_16_2160_3840_1_Pipeline_loop_col_zxi2mat is either unconnected or has no load
WARNING: [Synth 8-7129] Port imgInput_TSTRB[0] in module cvtcolor_rgb2gray_axis2xfMat_24_16_2160_3840_1_Pipeline_loop_col_zxi2mat is either unconnected or has no load
WARNING: [Synth 8-7129] Port imgInput_TUSER[0] in module cvtcolor_rgb2gray_axis2xfMat_24_16_2160_3840_1_Pipeline_loop_col_zxi2mat is either unconnected or has no load
WARNING: [Synth 8-7129] Port imgInput_TLAST[0] in module cvtcolor_rgb2gray_axis2xfMat_24_16_2160_3840_1_Pipeline_loop_col_zxi2mat is either unconnected or has no load
WARNING: [Synth 8-7129] Port imgInput_TID[0] in module cvtcolor_rgb2gray_axis2xfMat_24_16_2160_3840_1_Pipeline_loop_col_zxi2mat is either unconnected or has no load
WARNING: [Synth 8-7129] Port imgInput_TDEST[0] in module cvtcolor_rgb2gray_axis2xfMat_24_16_2160_3840_1_Pipeline_loop_col_zxi2mat is either unconnected or has no load
WARNING: [Synth 8-7129] Port p_imgInput_data_num_data_valid[1] in module cvtcolor_rgb2gray_axis2xfMat_24_16_2160_3840_1_s is either unconnected or has no load
WARNING: [Synth 8-7129] Port p_imgInput_data_num_data_valid[0] in module cvtcolor_rgb2gray_axis2xfMat_24_16_2160_3840_1_s is either unconnected or has no load
WARNING: [Synth 8-7129] Port p_imgInput_data_fifo_cap[1] in module cvtcolor_rgb2gray_axis2xfMat_24_16_2160_3840_1_s is either unconnected or has no load
WARNING: [Synth 8-7129] Port p_imgInput_data_fifo_cap[0] in module cvtcolor_rgb2gray_axis2xfMat_24_16_2160_3840_1_s is either unconnected or has no load
WARNING: [Synth 8-7129] Port p_imgInput_rows_c_num_data_valid[1] in module cvtcolor_rgb2gray_axis2xfMat_24_16_2160_3840_1_s is either unconnected or has no load
WARNING: [Synth 8-7129] Port p_imgInput_rows_c_num_data_valid[0] in module cvtcolor_rgb2gray_axis2xfMat_24_16_2160_3840_1_s is either unconnected or has no load
WARNING: [Synth 8-7129] Port p_imgInput_rows_c_fifo_cap[1] in module cvtcolor_rgb2gray_axis2xfMat_24_16_2160_3840_1_s is either unconnected or has no load
WARNING: [Synth 8-7129] Port p_imgInput_rows_c_fifo_cap[0] in module cvtcolor_rgb2gray_axis2xfMat_24_16_2160_3840_1_s is either unconnected or has no load
WARNING: [Synth 8-7129] Port p_imgInput_cols_c_num_data_valid[1] in module cvtcolor_rgb2gray_axis2xfMat_24_16_2160_3840_1_s is either unconnected or has no load
WARNING: [Synth 8-7129] Port p_imgInput_cols_c_num_data_valid[0] in module cvtcolor_rgb2gray_axis2xfMat_24_16_2160_3840_1_s is either unconnected or has no load
WARNING: [Synth 8-7129] Port p_imgInput_cols_c_fifo_cap[1] in module cvtcolor_rgb2gray_axis2xfMat_24_16_2160_3840_1_s is either unconnected or has no load
WARNING: [Synth 8-7129] Port p_imgInput_cols_c_fifo_cap[0] in module cvtcolor_rgb2gray_axis2xfMat_24_16_2160_3840_1_s is either unconnected or has no load
WARNING: [Synth 8-7129] Port WDATA[31] in module cvtcolor_rgb2gray_control_s_axi is either unconnected or has no load
WARNING: [Synth 8-7129] Port WDATA[30] in module cvtcolor_rgb2gray_control_s_axi is either unconnected or has no load
WARNING: [Synth 8-7129] Port WDATA[29] in module cvtcolor_rgb2gray_control_s_axi is either unconnected or has no load
WARNING: [Synth 8-7129] Port WDATA[28] in module cvtcolor_rgb2gray_control_s_axi is either unconnected or has no load
WARNING: [Synth 8-7129] Port WDATA[27] in module cvtcolor_rgb2gray_control_s_axi is either unconnected or has no load
WARNING: [Synth 8-7129] Port WDATA[26] in module cvtcolor_rgb2gray_control_s_axi is either unconnected or has no load
WARNING: [Synth 8-7129] Port WDATA[25] in module cvtcolor_rgb2gray_control_s_axi is either unconnected or has no load
WARNING: [Synth 8-7129] Port WDATA[24] in module cvtcolor_rgb2gray_control_s_axi is either unconnected or has no load
WARNING: [Synth 8-7129] Port WDATA[23] in module cvtcolor_rgb2gray_control_s_axi is either unconnected or has no load
WARNING: [Synth 8-7129] Port WDATA[22] in module cvtcolor_rgb2gray_control_s_axi is either unconnected or has no load
WARNING: [Synth 8-7129] Port WDATA[21] in module cvtcolor_rgb2gray_control_s_axi is either unconnected or has no load
WARNING: [Synth 8-7129] Port WDATA[20] in module cvtcolor_rgb2gray_control_s_axi is either unconnected or has no load
WARNING: [Synth 8-7129] Port WDATA[19] in module cvtcolor_rgb2gray_control_s_axi is either unconnected or has no load
WARNING: [Synth 8-7129] Port WDATA[18] in module cvtcolor_rgb2gray_control_s_axi is either unconnected or has no load
WARNING: [Synth 8-7129] Port WDATA[17] in module cvtcolor_rgb2gray_control_s_axi is either unconnected or has no load
WARNING: [Synth 8-7129] Port WDATA[16] in module cvtcolor_rgb2gray_control_s_axi is either unconnected or has no load
WARNING: [Synth 8-7129] Port WDATA[15] in module cvtcolor_rgb2gray_control_s_axi is either unconnected or has no load
WARNING: [Synth 8-7129] Port WDATA[14] in module cvtcolor_rgb2gray_control_s_axi is either unconnected or has no load
WARNING: [Synth 8-7129] Port WDATA[13] in module cvtcolor_rgb2gray_control_s_axi is either unconnected or has no load
WARNING: [Synth 8-7129] Port WDATA[12] in module cvtcolor_rgb2gray_control_s_axi is either unconnected or has no load
WARNING: [Synth 8-7129] Port WDATA[11] in module cvtcolor_rgb2gray_control_s_axi is either unconnected or has no load
WARNING: [Synth 8-7129] Port WDATA[10] in module cvtcolor_rgb2gray_control_s_axi is either unconnected or has no load
WARNING: [Synth 8-7129] Port WDATA[9] in module cvtcolor_rgb2gray_control_s_axi is either unconnected or has no load
WARNING: [Synth 8-7129] Port WDATA[8] in module cvtcolor_rgb2gray_control_s_axi is either unconnected or has no load
WARNING: [Synth 8-7129] Port WDATA[6] in module cvtcolor_rgb2gray_control_s_axi is either unconnected or has no load
WARNING: [Synth 8-7129] Port WDATA[5] in module cvtcolor_rgb2gray_control_s_axi is either unconnected or has no load
WARNING: [Synth 8-7129] Port WDATA[4] in module cvtcolor_rgb2gray_control_s_axi is either unconnected or has no load
WARNING: [Synth 8-7129] Port WDATA[3] in module cvtcolor_rgb2gray_control_s_axi is either unconnected or has no load
WARNING: [Synth 8-7129] Port WDATA[2] in module cvtcolor_rgb2gray_control_s_axi is either unconnected or has no load
WARNING: [Synth 8-7129] Port WSTRB[3] in module cvtcolor_rgb2gray_control_s_axi is either unconnected or has no load
WARNING: [Synth 8-7129] Port WSTRB[2] in module cvtcolor_rgb2gray_control_s_axi is either unconnected or has no load
WARNING: [Synth 8-7129] Port WSTRB[1] in module cvtcolor_rgb2gray_control_s_axi is either unconnected or has no load
---------------------------------------------------------------------------------
Finished RTL Elaboration : Time (s): cpu = 00:00:17 ; elapsed = 00:00:29 . Memory (MB): peak = 2422.238 ; gain = 518.289
---------------------------------------------------------------------------------
---------------------------------------------------------------------------------
Start Handling Custom Attributes
---------------------------------------------------------------------------------
---------------------------------------------------------------------------------
Finished Handling Custom Attributes : Time (s): cpu = 00:00:17 ; elapsed = 00:00:30 . Memory (MB): peak = 2440.160 ; gain = 536.211
---------------------------------------------------------------------------------
---------------------------------------------------------------------------------
Finished RTL Optimization Phase 1 : Time (s): cpu = 00:00:17 ; elapsed = 00:00:30 . Memory (MB): peak = 2440.160 ; gain = 536.211
---------------------------------------------------------------------------------
Netlist sorting complete. Time (s): cpu = 00:00:00 ; elapsed = 00:00:00.059 . Memory (MB): peak = 2440.160 ; gain = 0.000
INFO: [Project 1-570] Preparing netlist for logic optimization

Processing XDC Constraints
Initializing timing engine
Parsing XDC File [c:/Xilinx/workspace/rgb2gray/rgb2gray.gen/sources_1/bd/rgb2gray_design/ip/rgb2gray_design_cvtcolor_rgb2gray_0_0/constraints/cvtcolor_rgb2gray_ooc.xdc] for cell 'inst'
Finished Parsing XDC File [c:/Xilinx/workspace/rgb2gray/rgb2gray.gen/sources_1/bd/rgb2gray_design/ip/rgb2gray_design_cvtcolor_rgb2gray_0_0/constraints/cvtcolor_rgb2gray_ooc.xdc] for cell 'inst'
Parsing XDC File [C:/Xilinx/workspace/rgb2gray/rgb2gray.runs/rgb2gray_design_cvtcolor_rgb2gray_0_0_synth_1/dont_touch.xdc]
Finished Parsing XDC File [C:/Xilinx/workspace/rgb2gray/rgb2gray.runs/rgb2gray_design_cvtcolor_rgb2gray_0_0_synth_1/dont_touch.xdc]
Completed Processing XDC Constraints

Netlist sorting complete. Time (s): cpu = 00:00:00 ; elapsed = 00:00:00.002 . Memory (MB): peak = 2552.844 ; gain = 0.000
INFO: [Project 1-111] Unisim Transformation Summary:
No Unisim elements were transformed.

Constraint Validation Runtime : Time (s): cpu = 00:00:00 ; elapsed = 00:00:00.087 . Memory (MB): peak = 2552.844 ; gain = 0.000
INFO: [Designutils 20-5008] Incremental synthesis strategy off
---------------------------------------------------------------------------------
Finished Constraint Validation : Time (s): cpu = 00:00:35 ; elapsed = 00:00:49 . Memory (MB): peak = 2552.844 ; gain = 648.895
---------------------------------------------------------------------------------
---------------------------------------------------------------------------------
Start Loading Part and Timing Information
---------------------------------------------------------------------------------
Loading part: xc7z020clg400-1
---------------------------------------------------------------------------------
Finished Loading Part and Timing Information : Time (s): cpu = 00:00:35 ; elapsed = 00:00:49 . Memory (MB): peak = 2552.844 ; gain = 648.895
---------------------------------------------------------------------------------
---------------------------------------------------------------------------------
Start Applying 'set_property' XDC Constraints
---------------------------------------------------------------------------------
Applied set_property KEEP_HIERARCHY = SOFT for inst. (constraint file  C:/Xilinx/workspace/rgb2gray/rgb2gray.runs/rgb2gray_design_cvtcolor_rgb2gray_0_0_synth_1/dont_touch.xdc, line 9).
---------------------------------------------------------------------------------
Finished applying 'set_property' XDC Constraints : Time (s): cpu = 00:00:35 ; elapsed = 00:00:49 . Memory (MB): peak = 2552.844 ; gain = 648.895
---------------------------------------------------------------------------------
INFO: [Synth 8-802] inferred FSM for state register 'wstate_reg' in module 'cvtcolor_rgb2gray_control_s_axi'
INFO: [Synth 8-802] inferred FSM for state register 'rstate_reg' in module 'cvtcolor_rgb2gray_control_s_axi'
INFO: [Synth 8-4490] FSM extraction disabled for register 'ap_CS_fsm_reg' through user attribute
INFO: [Synth 8-4490] FSM extraction disabled for register 'ap_CS_fsm_reg' through user attribute
INFO: [Synth 8-4490] FSM extraction disabled for register 'ap_CS_fsm_reg' through user attribute
---------------------------------------------------------------------------------------------------
                   State |                     New Encoding |                Previous Encoding 
---------------------------------------------------------------------------------------------------
                  iSTATE |                             0001 |                               11
*
                  WRIDLE |                             0010 |                               00
                  WRDATA |                             0100 |                               01
                  WRRESP |                             1000 |                               10
---------------------------------------------------------------------------------------------------
INFO: [Synth 8-3354] encoded FSM with state register 'wstate_reg' using encoding 'one-hot' in module 'cvtcolor_rgb2gray_control_s_axi'
---------------------------------------------------------------------------------------------------
                   State |                     New Encoding |                Previous Encoding 
---------------------------------------------------------------------------------------------------
                  iSTATE |                              001 |                               10
*
                  RDIDLE |                              010 |                               00
                  RDDATA |                              100 |                               01
---------------------------------------------------------------------------------------------------
INFO: [Synth 8-3354] encoded FSM with state register 'rstate_reg' using encoding 'one-hot' in module 'cvtcolor_rgb2gray_control_s_axi'
---------------------------------------------------------------------------------
Finished RTL Optimization Phase 2 : Time (s): cpu = 00:00:37 ; elapsed = 00:00:51 . Memory (MB): peak = 2552.844 ; gain = 648.895
---------------------------------------------------------------------------------
---------------------------------------------------------------------------------
Start RTL Component Statistics 
---------------------------------------------------------------------------------
Detailed RTL Component Info : 
+---Adders : 
	   2 Input   12 Bit       Adders := 3     
	   2 Input    2 Bit       Adders := 10    
+---XORs : 
	   2 Input      1 Bit         XORs := 2     
+---Registers : 
	               32 Bit    Registers := 1     
	               24 Bit    Registers := 5     
	               22 Bit    Registers := 1     
	               18 Bit    Registers := 2     
	               12 Bit    Registers := 7     
	                9 Bit    Registers := 3     
	                8 Bit    Registers := 6     
	                4 Bit    Registers := 2     
	                3 Bit    Registers := 6     
	                2 Bit    Registers := 21    
	                1 Bit    Registers := 106   
+---Muxes : 
	   5 Input   32 Bit        Muxes := 1     
	   2 Input   24 Bit        Muxes := 2     
	   2 Input   12 Bit        Muxes := 1     
	   2 Input    9 Bit        Muxes := 1     
	   2 Input    8 Bit        Muxes := 2     
	   4 Input    4 Bit        Muxes := 1     
	   2 Input    4 Bit        Muxes := 5     
	   3 Input    3 Bit        Muxes := 1     
	   2 Input    3 Bit        Muxes := 5     
	   6 Input    3 Bit        Muxes := 2     
	   2 Input    2 Bit        Muxes := 23    
	   4 Input    2 Bit        Muxes := 14    
	   2 Input    1 Bit        Muxes := 79    
---------------------------------------------------------------------------------
Finished RTL Component Statistics 
---------------------------------------------------------------------------------
---------------------------------------------------------------------------------
Start Part Resource Summary
---------------------------------------------------------------------------------
Part Resources:
DSPs: 220 (col length:60)
BRAMs: 280 (col length: RAMB18 60 RAMB36 30)
---------------------------------------------------------------------------------
Finished Part Resource Summary
---------------------------------------------------------------------------------
---------------------------------------------------------------------------------
Start Cross Boundary and Area Optimization
---------------------------------------------------------------------------------
WARNING: [Synth 8-7080] Parallel synthesis criteria is not met
WARNING: [Synth 8-3936] Found unconnected internal register 'rgb2gray_16_0_2160_3840_1_2_2_U0/grp_rgb2gray_16_0_2160_3840_1_2_2_Pipeline_columnloop_fu_66/mac_muladd_8ns_15ns_22ns_23_4_1_U31/cvtcolor_rgb2gray_mac_muladd_8ns_15ns_22ns_23_4_1_DSP48_1_U/p_reg_reg' and it is trimmed from '44' to '23' bits. [c:/Xilinx/workspace/rgb2gray/rgb2gray.gen/sources_1/bd/rgb2gray_design/ipshared/6902/hdl/verilog/cvtcolor_rgb2gray_mac_muladd_8ns_15ns_22ns_23_4_1.v:41]
WARNING: [Synth 8-3936] Found unconnected internal register 'rgb2gray_16_0_2160_3840_1_2_2_U0/grp_rgb2gray_16_0_2160_3840_1_2_2_Pipeline_columnloop_fu_66/mac_muladd_8ns_15ns_22ns_23_4_1_U31/cvtcolor_rgb2gray_mac_muladd_8ns_15ns_22ns_23_4_1_DSP48_1_U/m_reg_reg' and it is trimmed from '43' to '23' bits. [c:/Xilinx/workspace/rgb2gray/rgb2gray.gen/sources_1/bd/rgb2gray_design/ipshared/6902/hdl/verilog/cvtcolor_rgb2gray_mac_muladd_8ns_15ns_22ns_23_4_1.v:34]
WARNING: [Synth 8-3936] Found unconnected internal register 'rgb2gray_16_0_2160_3840_1_2_2_U0/grp_rgb2gray_16_0_2160_3840_1_2_2_Pipeline_columnloop_fu_66/mac_muladd_8ns_15ns_22ns_23_4_1_U31/cvtcolor_rgb2gray_mac_muladd_8ns_15ns_22ns_23_4_1_DSP48_1_U/a_reg_reg' and it is trimmed from '25' to '23' bits. [c:/Xilinx/workspace/rgb2gray/rgb2gray.gen/sources_1/bd/rgb2gray_design/ipshared/6902/hdl/verilog/cvtcolor_rgb2gray_mac_muladd_8ns_15ns_22ns_23_4_1.v:33]
WARNING: [Synth 8-3936] Found unconnected internal register 'rgb2gray_16_0_2160_3840_1_2_2_U0/grp_rgb2gray_16_0_2160_3840_1_2_2_Pipeline_columnloop_fu_66/mac_muladd_8ns_12ns_22ns_22_4_1_U30/cvtcolor_rgb2gray_mac_muladd_8ns_12ns_22ns_22_4_1_DSP48_0_U/p_reg_reg' and it is trimmed from '44' to '22' bits. [c:/Xilinx/workspace/rgb2gray/rgb2gray.gen/sources_1/bd/rgb2gray_design/ipshared/6902/hdl/verilog/cvtcolor_rgb2gray_mac_muladd_8ns_12ns_22ns_22_4_1.v:41]
WARNING: [Synth 8-3936] Found unconnected internal register 'rgb2gray_16_0_2160_3840_1_2_2_U0/grp_rgb2gray_16_0_2160_3840_1_2_2_Pipeline_columnloop_fu_66/mac_muladd_8ns_12ns_22ns_22_4_1_U30/cvtcolor_rgb2gray_mac_muladd_8ns_12ns_22ns_22_4_1_DSP48_0_U/m_reg_reg' and it is trimmed from '43' to '22' bits. [c:/Xilinx/workspace/rgb2gray/rgb2gray.gen/sources_1/bd/rgb2gray_design/ipshared/6902/hdl/verilog/cvtcolor_rgb2gray_mac_muladd_8ns_12ns_22ns_22_4_1.v:34]
WARNING: [Synth 8-3936] Found unconnected internal register 'rgb2gray_16_0_2160_3840_1_2_2_U0/grp_rgb2gray_16_0_2160_3840_1_2_2_Pipeline_columnloop_fu_66/mac_muladd_8ns_12ns_22ns_22_4_1_U30/cvtcolor_rgb2gray_mac_muladd_8ns_12ns_22ns_22_4_1_DSP48_0_U/a_reg_reg' and it is trimmed from '25' to '22' bits. [c:/Xilinx/workspace/rgb2gray/rgb2gray.gen/sources_1/bd/rgb2gray_design/ipshared/6902/hdl/verilog/cvtcolor_rgb2gray_mac_muladd_8ns_12ns_22ns_22_4_1.v:33]
DSP Report: Generating DSP rgb2gray_16_0_2160_3840_1_2_2_U0/grp_rgb2gray_16_0_2160_3840_1_2_2_Pipeline_columnloop_fu_66/mac_muladd_8ns_12ns_22ns_22_4_1_U30/cvtcolor_rgb2gray_mac_muladd_8ns_12ns_22ns_22_4_1_DSP48_0_U/m_reg_reg, operation Mode is: (A2*(B:0xe98)')'.
DSP Report: register rgb2gray_16_0_2160_3840_1_2_2_U0/grp_rgb2gray_16_0_2160_3840_1_2_2_Pipeline_columnloop_fu_66/mac_muladd_8ns_12ns_22ns_22_4_1_U30/cvtcolor_rgb2gray_mac_muladd_8ns_12ns_22ns_22_4_1_DSP48_0_U/b_reg_reg is absorbed into DSP rgb2gray_16_0_2160_3840_1_2_2_U0/grp_rgb2gray_16_0_2160_3840_1_2_2_Pipeline_columnloop_fu_66/mac_muladd_8ns_12ns_22ns_22_4_1_U30/cvtcolor_rgb2gray_mac_muladd_8ns_12ns_22ns_22_4_1_DSP48_0_U/m_reg_reg.
DSP Report: register rgb2gray_16_0_2160_3840_1_2_2_U0/grp_rgb2gray_16_0_2160_3840_1_2_2_Pipeline_columnloop_fu_66/mac_muladd_8ns_12ns_22ns_22_4_1_U30/cvtcolor_rgb2gray_mac_muladd_8ns_12ns_22ns_22_4_1_DSP48_0_U/a_reg_reg is absorbed into DSP rgb2gray_16_0_2160_3840_1_2_2_U0/grp_rgb2gray_16_0_2160_3840_1_2_2_Pipeline_columnloop_fu_66/mac_muladd_8ns_12ns_22ns_22_4_1_U30/cvtcolor_rgb2gray_mac_muladd_8ns_12ns_22ns_22_4_1_DSP48_0_U/m_reg_reg.
DSP Report: register rgb2gray_16_0_2160_3840_1_2_2_U0/grp_rgb2gray_16_0_2160_3840_1_2_2_Pipeline_columnloop_fu_66/mac_muladd_8ns_12ns_22ns_22_4_1_U30/cvtcolor_rgb2gray_mac_muladd_8ns_12ns_22ns_22_4_1_DSP48_0_U/m_reg_reg is absorbed into DSP rgb2gray_16_0_2160_3840_1_2_2_U0/grp_rgb2gray_16_0_2160_3840_1_2_2_Pipeline_columnloop_fu_66/mac_muladd_8ns_12ns_22ns_22_4_1_U30/cvtcolor_rgb2gray_mac_muladd_8ns_12ns_22ns_22_4_1_DSP48_0_U/m_reg_reg.
DSP Report: operator rgb2gray_16_0_2160_3840_1_2_2_U0/grp_rgb2gray_16_0_2160_3840_1_2_2_Pipeline_columnloop_fu_66/mac_muladd_8ns_12ns_22ns_22_4_1_U30/cvtcolor_rgb2gray_mac_muladd_8ns_12ns_22ns_22_4_1_DSP48_0_U/m is absorbed into DSP rgb2gray_16_0_2160_3840_1_2_2_U0/grp_rgb2gray_16_0_2160_3840_1_2_2_Pipeline_columnloop_fu_66/mac_muladd_8ns_12ns_22ns_22_4_1_U30/cvtcolor_rgb2gray_mac_muladd_8ns_12ns_22ns_22_4_1_DSP48_0_U/m_reg_reg.
DSP Report: Generating DSP rgb2gray_16_0_2160_3840_1_2_2_U0/grp_rgb2gray_16_0_2160_3840_1_2_2_Pipeline_columnloop_fu_66/mac_muladd_8ns_12ns_22ns_22_4_1_U30/cvtcolor_rgb2gray_mac_muladd_8ns_12ns_22ns_22_4_1_DSP48_0_U/p_reg_reg, operation Mode is: (PCIN+((A:0x2646)*B2)')'.
DSP Report: register rgb2gray_16_0_2160_3840_1_2_2_U0/grp_rgb2gray_16_0_2160_3840_1_2_2_Pipeline_columnloop_fu_66/mac_muladd_8ns_12ns_22ns_22_4_1_U30/cvtcolor_rgb2gray_mac_muladd_8ns_12ns_22ns_22_4_1_DSP48_0_U/p_reg_reg is absorbed into DSP rgb2gray_16_0_2160_3840_1_2_2_U0/grp_rgb2gray_16_0_2160_3840_1_2_2_Pipeline_columnloop_fu_66/mac_muladd_8ns_12ns_22ns_22_4_1_U30/cvtcolor_rgb2gray_mac_muladd_8ns_12ns_22ns_22_4_1_DSP48_0_U/p_reg_reg.
DSP Report: register rgb2gray_16_0_2160_3840_1_2_2_U0/grp_rgb2gray_16_0_2160_3840_1_2_2_Pipeline_columnloop_fu_66/mac_muladd_8ns_12ns_22ns_22_4_1_U30/cvtcolor_rgb2gray_mac_muladd_8ns_12ns_22ns_22_4_1_DSP48_0_U/p_reg_reg is absorbed into DSP rgb2gray_16_0_2160_3840_1_2_2_U0/grp_rgb2gray_16_0_2160_3840_1_2_2_Pipeline_columnloop_fu_66/mac_muladd_8ns_12ns_22ns_22_4_1_U30/cvtcolor_rgb2gray_mac_muladd_8ns_12ns_22ns_22_4_1_DSP48_0_U/p_reg_reg.
DSP Report: register rgb2gray_16_0_2160_3840_1_2_2_U0/grp_rgb2gray_16_0_2160_3840_1_2_2_Pipeline_columnloop_fu_66/mul_ln886_reg_211_reg is absorbed into DSP rgb2gray_16_0_2160_3840_1_2_2_U0/grp_rgb2gray_16_0_2160_3840_1_2_2_Pipeline_columnloop_fu_66/mac_muladd_8ns_12ns_22ns_22_4_1_U30/cvtcolor_rgb2gray_mac_muladd_8ns_12ns_22ns_22_4_1_DSP48_0_U/p_reg_reg.
DSP Report: operator rgb2gray_16_0_2160_3840_1_2_2_U0/grp_rgb2gray_16_0_2160_3840_1_2_2_Pipeline_columnloop_fu_66/mac_muladd_8ns_12ns_22ns_22_4_1_U30/cvtcolor_rgb2gray_mac_muladd_8ns_12ns_22ns_22_4_1_DSP48_0_U/p is absorbed into DSP rgb2gray_16_0_2160_3840_1_2_2_U0/grp_rgb2gray_16_0_2160_3840_1_2_2_Pipeline_columnloop_fu_66/mac_muladd_8ns_12ns_22ns_22_4_1_U30/cvtcolor_rgb2gray_mac_muladd_8ns_12ns_22ns_22_4_1_DSP48_0_U/p_reg_reg.
DSP Report: operator rgb2gray_16_0_2160_3840_1_2_2_U0/grp_rgb2gray_16_0_2160_3840_1_2_2_Pipeline_columnloop_fu_66/mul_8ns_15ns_22_1_1_U29/tmp_product is absorbed into DSP rgb2gray_16_0_2160_3840_1_2_2_U0/grp_rgb2gray_16_0_2160_3840_1_2_2_Pipeline_columnloop_fu_66/mac_muladd_8ns_12ns_22ns_22_4_1_U30/cvtcolor_rgb2gray_mac_muladd_8ns_12ns_22ns_22_4_1_DSP48_0_U/p_reg_reg.
DSP Report: Generating DSP rgb2gray_16_0_2160_3840_1_2_2_U0/grp_rgb2gray_16_0_2160_3840_1_2_2_Pipeline_columnloop_fu_66/mac_muladd_8ns_15ns_22ns_23_4_1_U31/cvtcolor_rgb2gray_mac_muladd_8ns_15ns_22ns_23_4_1_DSP48_1_U/p_reg_reg, operation Mode is: (C+(A''*(B:0x4b23)')')'.
DSP Report: register rgb2gray_16_0_2160_3840_1_2_2_U0/grp_rgb2gray_16_0_2160_3840_1_2_2_Pipeline_columnloop_fu_66/mac_muladd_8ns_15ns_22ns_23_4_1_U31/cvtcolor_rgb2gray_mac_muladd_8ns_15ns_22ns_23_4_1_DSP48_1_U/b_reg_reg is absorbed into DSP rgb2gray_16_0_2160_3840_1_2_2_U0/grp_rgb2gray_16_0_2160_3840_1_2_2_Pipeline_columnloop_fu_66/mac_muladd_8ns_15ns_22ns_23_4_1_U31/cvtcolor_rgb2gray_mac_muladd_8ns_15ns_22ns_23_4_1_DSP48_1_U/p_reg_reg.
DSP Report: register rgb2gray_16_0_2160_3840_1_2_2_U0/grp_rgb2gray_16_0_2160_3840_1_2_2_Pipeline_columnloop_fu_66/mac_muladd_8ns_15ns_22ns_23_4_1_U31/cvtcolor_rgb2gray_mac_muladd_8ns_15ns_22ns_23_4_1_DSP48_1_U/p_reg_reg is absorbed into DSP rgb2gray_16_0_2160_3840_1_2_2_U0/grp_rgb2gray_16_0_2160_3840_1_2_2_Pipeline_columnloop_fu_66/mac_muladd_8ns_15ns_22ns_23_4_1_U31/cvtcolor_rgb2gray_mac_muladd_8ns_15ns_22ns_23_4_1_DSP48_1_U/p_reg_reg.
DSP Report: register rgb2gray_16_0_2160_3840_1_2_2_U0/grp_rgb2gray_16_0_2160_3840_1_2_2_Pipeline_columnloop_fu_66/mac_muladd_8ns_15ns_22ns_23_4_1_U31/cvtcolor_rgb2gray_mac_muladd_8ns_15ns_22ns_23_4_1_DSP48_1_U/p_reg_reg is absorbed into DSP rgb2gray_16_0_2160_3840_1_2_2_U0/grp_rgb2gray_16_0_2160_3840_1_2_2_Pipeline_columnloop_fu_66/mac_muladd_8ns_15ns_22ns_23_4_1_U31/cvtcolor_rgb2gray_mac_muladd_8ns_15ns_22ns_23_4_1_DSP48_1_U/p_reg_reg.
DSP Report: register rgb2gray_16_0_2160_3840_1_2_2_U0/grp_rgb2gray_16_0_2160_3840_1_2_2_Pipeline_columnloop_fu_66/mac_muladd_8ns_15ns_22ns_23_4_1_U31/cvtcolor_rgb2gray_mac_muladd_8ns_15ns_22ns_23_4_1_DSP48_1_U/p_reg_reg is absorbed into DSP rgb2gray_16_0_2160_3840_1_2_2_U0/grp_rgb2gray_16_0_2160_3840_1_2_2_Pipeline_columnloop_fu_66/mac_muladd_8ns_15ns_22ns_23_4_1_U31/cvtcolor_rgb2gray_mac_muladd_8ns_15ns_22ns_23_4_1_DSP48_1_U/p_reg_reg.
DSP Report: register rgb2gray_16_0_2160_3840_1_2_2_U0/grp_rgb2gray_16_0_2160_3840_1_2_2_Pipeline_columnloop_fu_66/mac_muladd_8ns_15ns_22ns_23_4_1_U31/cvtcolor_rgb2gray_mac_muladd_8ns_15ns_22ns_23_4_1_DSP48_1_U/m_reg_reg is absorbed into DSP rgb2gray_16_0_2160_3840_1_2_2_U0/grp_rgb2gray_16_0_2160_3840_1_2_2_Pipeline_columnloop_fu_66/mac_muladd_8ns_15ns_22ns_23_4_1_U31/cvtcolor_rgb2gray_mac_muladd_8ns_15ns_22ns_23_4_1_DSP48_1_U/p_reg_reg.
DSP Report: operator rgb2gray_16_0_2160_3840_1_2_2_U0/grp_rgb2gray_16_0_2160_3840_1_2_2_Pipeline_columnloop_fu_66/mac_muladd_8ns_15ns_22ns_23_4_1_U31/cvtcolor_rgb2gray_mac_muladd_8ns_15ns_22ns_23_4_1_DSP48_1_U/p is absorbed into DSP rgb2gray_16_0_2160_3840_1_2_2_U0/grp_rgb2gray_16_0_2160_3840_1_2_2_Pipeline_columnloop_fu_66/mac_muladd_8ns_15ns_22ns_23_4_1_U31/cvtcolor_rgb2gray_mac_muladd_8ns_15ns_22ns_23_4_1_DSP48_1_U/p_reg_reg.
DSP Report: operator rgb2gray_16_0_2160_3840_1_2_2_U0/grp_rgb2gray_16_0_2160_3840_1_2_2_Pipeline_columnloop_fu_66/mac_muladd_8ns_15ns_22ns_23_4_1_U31/cvtcolor_rgb2gray_mac_muladd_8ns_15ns_22ns_23_4_1_DSP48_1_U/m is absorbed into DSP rgb2gray_16_0_2160_3840_1_2_2_U0/grp_rgb2gray_16_0_2160_3840_1_2_2_Pipeline_columnloop_fu_66/mac_muladd_8ns_15ns_22ns_23_4_1_U31/cvtcolor_rgb2gray_mac_muladd_8ns_15ns_22ns_23_4_1_DSP48_1_U/p_reg_reg.
WARNING: [Synth 8-7129] Port s_axi_control_WDATA[31] in module cvtcolor_rgb2gray is either unconnected or has no load
WARNING: [Synth 8-7129] Port s_axi_control_WDATA[30] in module cvtcolor_rgb2gray is either unconnected or has no load
INFO: [Common 17-14] Message 'Synth 8-7129' appears 100 times and further instances of the messages will be disabled. Use the Tcl command set_msg_config to change the current settings.
WARNING: [Synth 8-3332] Sequential element (control_s_axi_U/FSM_onehot_wstate_reg[0]) is unused and will be removed from module cvtcolor_rgb2gray.
WARNING: [Synth 8-3332] Sequential element (control_s_axi_U/FSM_onehot_rstate_reg[0]) is unused and will be removed from module cvtcolor_rgb2gray.
---------------------------------------------------------------------------------
Finished Cross Boundary and Area Optimization : Time (s): cpu = 00:00:45 ; elapsed = 00:00:59 . Memory (MB): peak = 2552.844 ; gain = 648.895
---------------------------------------------------------------------------------
---------------------------------------------------------------------------------
Start ROM, RAM, DSP, Shift Register and Retiming Reporting
---------------------------------------------------------------------------------

DSP: Preliminary Mapping Report (see note below. The ' indicates corresponding REG is set)
+----------------------------------------------------------+--------------------------+--------+--------+--------+--------+--------+------+------+------+------+-------+------+------+
|Module Name                                               | DSP Mapping              | A Size | B Size | C Size | D Size | P Size | AREG | BREG | CREG | DREG | ADREG | MREG | PREG | 
+----------------------------------------------------------+--------------------------+--------+--------+--------+--------+--------+------+------+------+------+-------+------+------+
|cvtcolor_rgb2gray_mac_muladd_8ns_12ns_22ns_22_4_1_DSP48_0 | (A2*(B:0xe98)')'         | 22     | 18     | -      | -      | 40     | 1    | 1    | -    | -    | -     | 1    | 0    | 
|cvtcolor_rgb2gray                                         | (PCIN+((A:0x2646)*B2)')' | 15     | 9      | -      | -      | 22     | 0    | 1    | -    | -    | -     | 1    | 1    | 
|cvtcolor_rgb2gray_mac_muladd_8ns_15ns_22ns_23_4_1_DSP48_1 | (C+(A''*(B:0x4b23)')')'  | 23     | 18     | 23     | -      | 23     | 2    | 1    | 0    | -    | -     | 1    | 1    | 
+----------------------------------------------------------+--------------------------+--------+--------+--------+--------+--------+------+------+------+------+-------+------+------+

Note: The table above is a preliminary report that shows the DSPs inferred at the current stage of the synthesis flow. Some DSP may be reimplemented as non DSP primitives later in the synthesis flow. Multiple instantiated DSPs are reported only once.
---------------------------------------------------------------------------------
Finished ROM, RAM, DSP, Shift Register and Retiming Reporting
---------------------------------------------------------------------------------
---------------------------------------------------------------------------------
Start Applying XDC Timing Constraints
---------------------------------------------------------------------------------
---------------------------------------------------------------------------------
Finished Applying XDC Timing Constraints : Time (s): cpu = 00:01:07 ; elapsed = 00:01:22 . Memory (MB): peak = 2552.844 ; gain = 648.895
---------------------------------------------------------------------------------
---------------------------------------------------------------------------------
Start Timing Optimization
---------------------------------------------------------------------------------
---------------------------------------------------------------------------------
Finished Timing Optimization : Time (s): cpu = 00:01:07 ; elapsed = 00:01:22 . Memory (MB): peak = 2552.844 ; gain = 648.895
---------------------------------------------------------------------------------
---------------------------------------------------------------------------------
Start Technology Mapping
---------------------------------------------------------------------------------
---------------------------------------------------------------------------------
Finished Technology Mapping : Time (s): cpu = 00:01:08 ; elapsed = 00:01:23 . Memory (MB): peak = 2552.844 ; gain = 648.895
---------------------------------------------------------------------------------
---------------------------------------------------------------------------------
Start IO Insertion
---------------------------------------------------------------------------------
---------------------------------------------------------------------------------
Start Flattening Before IO Insertion
---------------------------------------------------------------------------------
---------------------------------------------------------------------------------
Finished Flattening Before IO Insertion
---------------------------------------------------------------------------------
---------------------------------------------------------------------------------
Start Final Netlist Cleanup
---------------------------------------------------------------------------------
---------------------------------------------------------------------------------
Finished Final Netlist Cleanup
---------------------------------------------------------------------------------
---------------------------------------------------------------------------------
Finished IO Insertion : Time (s): cpu = 00:01:20 ; elapsed = 00:01:36 . Memory (MB): peak = 2552.844 ; gain = 648.895
---------------------------------------------------------------------------------
---------------------------------------------------------------------------------
Start Renaming Generated Instances
---------------------------------------------------------------------------------
---------------------------------------------------------------------------------
Finished Renaming Generated Instances : Time (s): cpu = 00:01:20 ; elapsed = 00:01:36 . Memory (MB): peak = 2552.844 ; gain = 648.895
---------------------------------------------------------------------------------
---------------------------------------------------------------------------------
Start Rebuilding User Hierarchy
---------------------------------------------------------------------------------
---------------------------------------------------------------------------------
Finished Rebuilding User Hierarchy : Time (s): cpu = 00:01:20 ; elapsed = 00:01:36 . Memory (MB): peak = 2552.844 ; gain = 648.895
---------------------------------------------------------------------------------
---------------------------------------------------------------------------------
Start Renaming Generated Ports
---------------------------------------------------------------------------------
---------------------------------------------------------------------------------
Finished Renaming Generated Ports : Time (s): cpu = 00:01:20 ; elapsed = 00:01:36 . Memory (MB): peak = 2552.844 ; gain = 648.895
---------------------------------------------------------------------------------
---------------------------------------------------------------------------------
Start Handling Custom Attributes
---------------------------------------------------------------------------------
---------------------------------------------------------------------------------
Finished Handling Custom Attributes : Time (s): cpu = 00:01:20 ; elapsed = 00:01:36 . Memory (MB): peak = 2552.844 ; gain = 648.895
---------------------------------------------------------------------------------
---------------------------------------------------------------------------------
Start Renaming Generated Nets
---------------------------------------------------------------------------------
---------------------------------------------------------------------------------
Finished Renaming Generated Nets : Time (s): cpu = 00:01:20 ; elapsed = 00:01:36 . Memory (MB): peak = 2552.844 ; gain = 648.895
---------------------------------------------------------------------------------
---------------------------------------------------------------------------------
Start ROM, RAM, DSP, Shift Register and Retiming Reporting
---------------------------------------------------------------------------------

Static Shift Register Report:
+------------------+-----------------------------------------------------------------------------------------------------------------------------------+--------+-------+--------------+--------------------+-------------------+--------+---------+
|Module Name       | RTL Name                                                                                                                          | Length | Width | Reset Signal | Pull out first Reg | Pull out last Reg | SRL16E | SRLC32E | 
+------------------+-----------------------------------------------------------------------------------------------------------------------------------+--------+-------+--------------+--------------------+-------------------+--------+---------+
|cvtcolor_rgb2gray | rgb2gray_16_0_2160_3840_1_2_2_U0/grp_rgb2gray_16_0_2160_3840_1_2_2_Pipeline_columnloop_fu_66/ap_loop_exit_ready_pp0_iter4_reg_reg | 4      | 1     | NO           | NO                 | YES               | 1      | 0       | 
+------------------+-----------------------------------------------------------------------------------------------------------------------------------+--------+-------+--------------+--------------------+-------------------+--------+---------+

---------------------------------------------------------------------------------
Finished ROM, RAM, DSP, Shift Register and Retiming Reporting
---------------------------------------------------------------------------------
---------------------------------------------------------------------------------
Start Writing Synthesis Report
---------------------------------------------------------------------------------

DSP Final Report (the ' indicates corresponding REG is set)
+----------------------------------------------------------+-----------------+--------+--------+--------+--------+--------+------+------+------+------+-------+------+------+
|Module Name                                               | DSP Mapping     | A Size | B Size | C Size | D Size | P Size | AREG | BREG | CREG | DREG | ADREG | MREG | PREG | 
+----------------------------------------------------------+-----------------+--------+--------+--------+--------+--------+------+------+------+------+-------+------+------+
|cvtcolor_rgb2gray_mac_muladd_8ns_12ns_22ns_22_4_1_DSP48_0 | (A'*B)'         | 8      | 12     | -      | -      | 0      | 1    | 0    | -    | -    | -     | 0    | 1    | 
|cvtcolor_rgb2gray                                         | (PCIN+(A*B')')' | 14     | 8      | -      | -      | 22     | 0    | 1    | -    | -    | -     | 1    | 1    | 
|cvtcolor_rgb2gray_mac_muladd_8ns_15ns_22ns_23_4_1_DSP48_1 | (C+(A''*B)')'   | 8      | 15     | 22     | -      | 23     | 2    | 0    | 0    | -    | -     | 1    | 1    | 
+----------------------------------------------------------+-----------------+--------+--------+--------+--------+--------+------+------+------+------+-------+------+------+


Report BlackBoxes: 
+-+--------------+----------+
| |BlackBox name |Instances |
+-+--------------+----------+
+-+--------------+----------+

Report Cell Usage: 
+------+--------+------+
|      |Cell    |Count |
+------+--------+------+
|1     |CARRY4  |    20|
|2     |DSP48E1 |     3|
|5     |LUT1    |     4|
|6     |LUT2    |    14|
|7     |LUT3    |    90|
|8     |LUT4    |    68|
|9     |LUT5    |    50|
|10    |LUT6    |    57|
|11    |SRL16E  |     1|
|12    |FDRE    |   310|
|13    |FDSE    |    21|
+------+--------+------+
---------------------------------------------------------------------------------
Finished Writing Synthesis Report : Time (s): cpu = 00:01:20 ; elapsed = 00:01:36 . Memory (MB): peak = 2552.844 ; gain = 648.895
---------------------------------------------------------------------------------
Synthesis finished with 0 errors, 0 critical warnings and 41 warnings.
Synthesis Optimization Runtime : Time (s): cpu = 00:00:58 ; elapsed = 00:01:30 . Memory (MB): peak = 2552.844 ; gain = 536.211
Synthesis Optimization Complete : Time (s): cpu = 00:01:21 ; elapsed = 00:01:36 . Memory (MB): peak = 2552.844 ; gain = 648.895
INFO: [Project 1-571] Translating synthesized netlist
Netlist sorting complete. Time (s): cpu = 00:00:00 ; elapsed = 00:00:00.027 . Memory (MB): peak = 2552.844 ; gain = 0.000
INFO: [Netlist 29-17] Analyzing 23 Unisim elements for replacement
INFO: [Netlist 29-28] Unisim Transformation completed in 0 CPU seconds
INFO: [Project 1-570] Preparing netlist for logic optimization
INFO: [Opt 31-138] Pushed 0 inverter(s) to 0 load pin(s).
Netlist sorting complete. Time (s): cpu = 00:00:00 ; elapsed = 00:00:00.001 . Memory (MB): peak = 2552.844 ; gain = 0.000
INFO: [Project 1-111] Unisim Transformation Summary:
No Unisim elements were transformed.

Synth Design complete | Checksum: b75aaeb6
INFO: [Common 17-83] Releasing license: Synthesis
90 Infos, 110 Warnings, 0 Critical Warnings and 0 Errors encountered.
synth_design completed successfully
synth_design: Time (s): cpu = 00:01:32 ; elapsed = 00:01:51 . Memory (MB): peak = 2552.844 ; gain = 1054.176
INFO: [Common 17-1381] The checkpoint 'C:/Xilinx/workspace/rgb2gray/rgb2gray.runs/rgb2gray_design_cvtcolor_rgb2gray_0_0_synth_1/rgb2gray_design_cvtcolor_rgb2gray_0_0.dcp' has been generated.
INFO: [Coretcl 2-1648] Added synthesis output to IP cache for IP rgb2gray_design_cvtcolor_rgb2gray_0_0, cache-ID = 80cc6a406ba476d2
INFO: [Coretcl 2-1174] Renamed 26 cell refs.
INFO: [Common 17-1381] The checkpoint 'C:/Xilinx/workspace/rgb2gray/rgb2gray.runs/rgb2gray_design_cvtcolor_rgb2gray_0_0_synth_1/rgb2gray_design_cvtcolor_rgb2gray_0_0.dcp' has been generated.
INFO: [runtcl-4] Executing : report_utilization -file rgb2gray_design_cvtcolor_rgb2gray_0_0_utilization_synth.rpt -pb rgb2gray_design_cvtcolor_rgb2gray_0_0_utilization_synth.pb
INFO: [Common 17-206] Exiting Vivado at Sun Aug 20 13:08:56 2023...
