Copyright 1986-2022 Xilinx, Inc. All Rights Reserved. Copyright 2022-2023 Advanced Micro Devices, Inc. All Rights Reserved.
------------------------------------------------------------------------------------------------------------------------------------------------------
| Tool Version : Vivado v.2023.1 (win64) Build 3865809 Sun May  7 15:05:29 MDT 2023
| Date         : Sun Oct 15 13:11:44 2023
| Host         : Kamal-PC running 64-bit major release  (build 9200)
| Command      : report_drc -file harris_design_wrapper_drc_opted.rpt -pb harris_design_wrapper_drc_opted.pb -rpx harris_design_wrapper_drc_opted.rpx
| Design       : harris_design_wrapper
| Device       : xc7z020clg400-1
| Speed File   : -1
| Design State : Synthesized
------------------------------------------------------------------------------------------------------------------------------------------------------

Report DRC

Table of Contents
-----------------
1. REPORT SUMMARY
2. REPORT DETAILS

1. REPORT SUMMARY
-----------------
            Netlist: netlist
          Floorplan: design_1
      Design limits: <entire design considered>
           Ruledeck: default
             Max violations: <unlimited>
             Violations found: 6
+--------+----------+------------------------+------------+
| Rule   | Severity | Description            | Violations |
+--------+----------+------------------------+------------+
| DPIP-1 | Warning  | Input pipelining       | 3          |
| DPOP-1 | Warning  | PREG Output pipelining | 1          |
| DPOP-2 | Warning  | MREG Output pipelining | 2          |
+--------+----------+------------------------+------------+

2. REPORT DETAILS
-----------------
DPIP-1#1 Warning
Input pipelining  
DSP harris_design_i/cornerHarris_accel_0/inst/cornerHarris_3_3_0_0_3840_2160_1_false_2_2_U0/grp_xFCornerHarrisDetector_fu_62/xFComputeScore_3_8_3840_2160_4_6_1_2_2_2_2_6_14_2160_U0/grp_xFComputeScore_Pipeline_Col_Loop_fu_98/mul_30s_16ns_46_3_1_U223/buff0_reg input harris_design_i/cornerHarris_accel_0/inst/cornerHarris_3_3_0_0_3840_2160_1_false_2_2_U0/grp_xFCornerHarrisDetector_fu_62/xFComputeScore_3_8_3840_2160_4_6_1_2_2_2_2_6_14_2160_U0/grp_xFComputeScore_Pipeline_Col_Loop_fu_98/mul_30s_16ns_46_3_1_U223/buff0_reg/B[17:0] is not pipelined. Pipelining DSP48 input will improve performance.
Related violations: <none>

DPIP-1#2 Warning
Input pipelining  
DSP harris_design_i/cornerHarris_accel_0/inst/cornerHarris_3_3_0_0_3840_2160_1_false_2_2_U0/grp_xFCornerHarrisDetector_fu_62/xFComputeScore_3_8_3840_2160_4_6_1_2_2_2_2_6_14_2160_U0/grp_xFComputeScore_Pipeline_Col_Loop_fu_98/mul_30s_16ns_46_3_1_U223/tmp_product input harris_design_i/cornerHarris_accel_0/inst/cornerHarris_3_3_0_0_3840_2160_1_false_2_2_U0/grp_xFCornerHarrisDetector_fu_62/xFComputeScore_3_8_3840_2160_4_6_1_2_2_2_2_6_14_2160_U0/grp_xFComputeScore_Pipeline_Col_Loop_fu_98/mul_30s_16ns_46_3_1_U223/tmp_product/A[29:0] is not pipelined. Pipelining DSP48 input will improve performance.
Related violations: <none>

DPIP-1#3 Warning
Input pipelining  
DSP harris_design_i/cornerHarris_accel_0/inst/rgb2gray_16_0_3840_2160_1_2_2_U0/grp_rgb2gray_16_0_3840_2160_1_2_2_Pipeline_columnloop_fu_64/mac_muladd_8ns_15ns_22ns_23_4_1_U37/cornerHarris_accel_mac_muladd_8ns_15ns_22ns_23_4_1_DSP48_1_U/p_reg_reg input harris_design_i/cornerHarris_accel_0/inst/rgb2gray_16_0_3840_2160_1_2_2_U0/grp_rgb2gray_16_0_3840_2160_1_2_2_Pipeline_columnloop_fu_64/mac_muladd_8ns_15ns_22ns_23_4_1_U37/cornerHarris_accel_mac_muladd_8ns_15ns_22ns_23_4_1_DSP48_1_U/p_reg_reg/C[47:0] is not pipelined. Pipelining DSP48 input will improve performance.
Related violations: <none>

DPOP-1#1 Warning
PREG Output pipelining  
DSP harris_design_i/cornerHarris_accel_0/inst/cornerHarris_3_3_0_0_3840_2160_1_false_2_2_U0/grp_xFCornerHarrisDetector_fu_62/xFComputeScore_3_8_3840_2160_4_6_1_2_2_2_2_6_14_2160_U0/grp_xFComputeScore_Pipeline_Col_Loop_fu_98/mul_30s_16ns_46_3_1_U223/tmp_product output harris_design_i/cornerHarris_accel_0/inst/cornerHarris_3_3_0_0_3840_2160_1_false_2_2_U0/grp_xFCornerHarrisDetector_fu_62/xFComputeScore_3_8_3840_2160_4_6_1_2_2_2_2_6_14_2160_U0/grp_xFComputeScore_Pipeline_Col_Loop_fu_98/mul_30s_16ns_46_3_1_U223/tmp_product/P[47:0] is not pipelined (PREG=0). Pipelining the DSP48 output will improve performance and often saves power so it is suggested whenever possible to fully pipeline this function.  If this DSP48 function was inferred, it is suggested to describe an additional register stage after this function.  If the DSP48 was instantiated in the design, it is suggested to set the PREG attribute to 1.
Related violations: <none>

DPOP-2#1 Warning
MREG Output pipelining  
DSP harris_design_i/cornerHarris_accel_0/inst/cornerHarris_3_3_0_0_3840_2160_1_false_2_2_U0/grp_xFCornerHarrisDetector_fu_62/xFComputeScore_3_8_3840_2160_4_6_1_2_2_2_2_6_14_2160_U0/grp_xFComputeScore_Pipeline_Col_Loop_fu_98/mul_30s_16ns_46_3_1_U223/buff0_reg multiplier stage harris_design_i/cornerHarris_accel_0/inst/cornerHarris_3_3_0_0_3840_2160_1_false_2_2_U0/grp_xFCornerHarrisDetector_fu_62/xFComputeScore_3_8_3840_2160_4_6_1_2_2_2_2_6_14_2160_U0/grp_xFComputeScore_Pipeline_Col_Loop_fu_98/mul_30s_16ns_46_3_1_U223/buff0_reg/P[47:0] is not pipelined (MREG=0). Pipelining the multiplier function will improve performance and will save significant power so it is suggested whenever possible to fully pipeline this function.  If this multiplier was inferred, it is suggested to describe an additional register stage after this function.  If there is no registered adder/accumulator following the multiply function, two pipeline stages are suggested to allow both the MREG and PREG registers to be used.  If the DSP48 was instantiated in the design, it is suggested to set both the MREG and PREG attributes to 1 when performing multiply functions.
Related violations: <none>

DPOP-2#2 Warning
MREG Output pipelining  
DSP harris_design_i/cornerHarris_accel_0/inst/cornerHarris_3_3_0_0_3840_2160_1_false_2_2_U0/grp_xFCornerHarrisDetector_fu_62/xFComputeScore_3_8_3840_2160_4_6_1_2_2_2_2_6_14_2160_U0/grp_xFComputeScore_Pipeline_Col_Loop_fu_98/mul_30s_16ns_46_3_1_U223/tmp_product multiplier stage harris_design_i/cornerHarris_accel_0/inst/cornerHarris_3_3_0_0_3840_2160_1_false_2_2_U0/grp_xFCornerHarrisDetector_fu_62/xFComputeScore_3_8_3840_2160_4_6_1_2_2_2_2_6_14_2160_U0/grp_xFComputeScore_Pipeline_Col_Loop_fu_98/mul_30s_16ns_46_3_1_U223/tmp_product/P[47:0] is not pipelined (MREG=0). Pipelining the multiplier function will improve performance and will save significant power so it is suggested whenever possible to fully pipeline this function.  If this multiplier was inferred, it is suggested to describe an additional register stage after this function.  If there is no registered adder/accumulator following the multiply function, two pipeline stages are suggested to allow both the MREG and PREG registers to be used.  If the DSP48 was instantiated in the design, it is suggested to set both the MREG and PREG attributes to 1 when performing multiply functions.
Related violations: <none>


